2024-02-22 22:25:55,398 [INFO] Activator:176 - 


2024-02-22 22:25:55,400 [INFO] Activator:177 - !SESSION log4j initialized
2024-02-22 22:25:58,609 [INFO] LogOutputStream:77 - [STDOUT_REDIRECT] 
2024-02-22 22:25:59,001 [INFO] ApplicationProperties:184 - Using Application install path: /opt/st/stm32cubeide_1.13.2/plugins/com.st.stm32cube.common.mx_6.9.2.202309101412
2024-02-22 22:25:59,014 [INFO] DbMcusXml:78 - Set database path to: /opt/st/stm32cubeide_1.13.2/plugins/com.st.stm32cube.common.mx_6.9.2.202309101412//db//mcu/
2024-02-22 22:25:59,015 [INFO] ApiDb:274 - Set plugin database path to: /opt/st/stm32cubeide_1.13.2/plugins/com.st.stm32cube.common.mx_6.9.2.202309101412//db//plugins/boardmanager/
2024-02-22 22:25:59,015 [WARN] ApiDb:259 - Overriding images path with different value:  => /opt/st/stm32cubeide_1.13.2/plugins/com.st.stm32cube.common.mx_6.9.2.202309101412//db//plugins/mcufinder/images/
2024-02-22 22:25:59,020 [INFO] ApiDb:250 - Set database path to: /home/vakrapeci/.stmcufinder/plugins/mcufinder//mcu/
2024-02-22 22:25:59,021 [INFO] DbMcusAds:125 - Set database path to: /home/vakrapeci/.stmcufinder/plugins/mcufinder//mcu/
2024-02-22 22:25:59,023 [INFO] CrossReferenceDbSqlite:203 - Set database path to: /home/vakrapeci/.stmcufinder/plugins/mcufinder//mcu/cs/
2024-02-22 22:25:59,103 [INFO] RulesReader:64 - Compatibility file has been processed (293 Rules)
2024-02-22 22:25:59,140 [INFO] DbMcusXml:78 - Set database path to: /opt/st/stm32cubeide_1.13.2/plugins/com.st.stm32cube.common.mx_6.9.2.202309101412//db//mcu/
2024-02-22 22:25:59,140 [INFO] ApiDb:274 - Set plugin database path to: /opt/st/stm32cubeide_1.13.2/plugins/com.st.stm32cube.common.mx_6.9.2.202309101412//db//plugins/boardmanager/
2024-02-22 22:25:59,141 [INFO] ApiDb:261 - Set plugin images path to: /opt/st/stm32cubeide_1.13.2/plugins/com.st.stm32cube.common.mx_6.9.2.202309101412//db//plugins/mcufinder/images/
2024-02-22 22:25:59,141 [WARN] DbFile:41 - Overriding database path with different value: /home/vakrapeci/.stmcufinder/plugins/mcufinder/ => /home/vakrapeci/.stmcufinder/plugins/mcufinder
2024-02-22 22:25:59,141 [INFO] ApiDb:250 - Set database path to: /home/vakrapeci/.stmcufinder/plugins/mcufinder//mcu/
2024-02-22 22:25:59,141 [WARN] DbFile:41 - Overriding database path with different value: /home/vakrapeci/.stmcufinder/plugins/mcufinder/ => /home/vakrapeci/.stmcufinder/plugins/mcufinder
2024-02-22 22:25:59,141 [INFO] DbMcusAds:125 - Set database path to: /home/vakrapeci/.stmcufinder/plugins/mcufinder//mcu/
2024-02-22 22:25:59,141 [WARN] DbFile:41 - Overriding database path with different value: /home/vakrapeci/.stmcufinder/plugins/mcufinder/ => /home/vakrapeci/.stmcufinder/plugins/mcufinder
2024-02-22 22:25:59,141 [WARN] DbFile:41 - Overriding database path with different value: /home/vakrapeci/.stmcufinder/plugins/mcufinder/ => /home/vakrapeci/.stmcufinder/plugins/mcufinder
2024-02-22 22:25:59,141 [INFO] CrossReferenceDbSqlite:203 - Set database path to: /home/vakrapeci/.stmcufinder/plugins/mcufinder//mcu/cs/
2024-02-22 22:25:59,182 [INFO] MainPanel:262 - HeapMemory: 268435456
2024-02-22 22:25:59,231 [INFO] DbMcusXml:78 - Set database path to: /opt/st/stm32cubeide_1.13.2/plugins/com.st.stm32cube.common.mx_6.9.2.202309101412//db//mcu/
2024-02-22 22:25:59,232 [INFO] ApiDb:274 - Set plugin database path to: /opt/st/stm32cubeide_1.13.2/plugins/com.st.stm32cube.common.mx_6.9.2.202309101412//db//plugins/boardmanager/
2024-02-22 22:25:59,232 [INFO] ApiDb:261 - Set plugin images path to: /opt/st/stm32cubeide_1.13.2/plugins/com.st.stm32cube.common.mx_6.9.2.202309101412//db//plugins/mcufinder/images/
2024-02-22 22:25:59,233 [WARN] DbFile:41 - Overriding database path with different value: /home/vakrapeci/.stmcufinder/plugins/mcufinder/ => /home/vakrapeci/.stmcufinder/plugins/mcufinder
2024-02-22 22:25:59,233 [INFO] ApiDb:250 - Set database path to: /home/vakrapeci/.stmcufinder/plugins/mcufinder//mcu/
2024-02-22 22:25:59,233 [WARN] DbFile:41 - Overriding database path with different value: /home/vakrapeci/.stmcufinder/plugins/mcufinder/ => /home/vakrapeci/.stmcufinder/plugins/mcufinder
2024-02-22 22:25:59,233 [INFO] DbMcusAds:125 - Set database path to: /home/vakrapeci/.stmcufinder/plugins/mcufinder//mcu/
2024-02-22 22:25:59,233 [WARN] DbFile:41 - Overriding database path with different value: /home/vakrapeci/.stmcufinder/plugins/mcufinder/ => /home/vakrapeci/.stmcufinder/plugins/mcufinder
2024-02-22 22:25:59,233 [WARN] DbFile:41 - Overriding database path with different value: /home/vakrapeci/.stmcufinder/plugins/mcufinder/ => /home/vakrapeci/.stmcufinder/plugins/mcufinder
2024-02-22 22:25:59,233 [INFO] CrossReferenceDbSqlite:203 - Set database path to: /home/vakrapeci/.stmcufinder/plugins/mcufinder//mcu/cs/
2024-02-22 22:25:59,243 [INFO] ApplicationProperties:184 - Using Application install path: /opt/st/stm32cubeide_1.13.2/plugins/com.st.stm32cube.common.mx_6.9.2.202309101412
2024-02-22 22:25:59,244 [INFO] PluginManage:196 - Search for loadable plugins [exclusion list=, ]
2024-02-22 22:25:59,245 [INFO] PluginManage:310 - Check plugin analytics
2024-02-22 22:25:59,368 [INFO] AnalyticsPlugin:253 - Accepted Software Licenses: 
2024-02-22 22:25:59,369 [INFO] AnalyticsPlugin:255 - Accepted CMSIS Pack Licenses: 
2024-02-22 22:25:59,369 [INFO] AnalyticsPlugin:257 - Accepted Firmware Licenses: FW.F4.1.27.0,FW.H7.1.11.0
2024-02-22 22:25:59,371 [INFO] PluginManage:359 - Loaded plugin analytics (category:tool,tabindex:-1)
2024-02-22 22:25:59,371 [INFO] PluginManage:310 - Check plugin cadmodel
2024-02-22 22:25:59,396 [INFO] CADModel:105 - Init CAD model plugin
2024-02-22 22:25:59,396 [INFO] PluginManage:359 - Loaded plugin cadmodel (category:power,tabindex:5)
2024-02-22 22:25:59,396 [INFO] PluginManage:310 - Check plugin clock
2024-02-22 22:25:59,402 [INFO] PluginManage:359 - Loaded plugin clock (category:base,tabindex:2)
2024-02-22 22:25:59,402 [INFO] PluginManage:310 - Check plugin ddr
2024-02-22 22:25:59,404 [INFO] PluginManage:359 - Loaded plugin ddr (category:tool,tabindex:6)
2024-02-22 22:25:59,404 [INFO] PluginManage:310 - Check plugin filemanager
2024-02-22 22:25:59,504 [INFO] PluginManage:359 - Loaded plugin filemanager (category:base,tabindex:10)
2024-02-22 22:25:59,504 [INFO] PluginManage:310 - Check plugin ipmanager
2024-02-22 22:25:59,508 [INFO] PluginManage:359 - Loaded plugin ipmanager (category:base,tabindex:5)
2024-02-22 22:25:59,508 [INFO] PluginManage:310 - Check plugin lpbam
2024-02-22 22:25:59,515 [INFO] PluginManage:359 - Loaded plugin lpbam (category:base,tabindex:0)
2024-02-22 22:25:59,515 [INFO] PluginManage:310 - Check plugin memorymap
2024-02-22 22:25:59,523 [INFO] PluginManage:359 - Loaded plugin memorymap (category:base,tabindex:4)
2024-02-22 22:25:59,523 [INFO] PluginManage:310 - Check plugin pinoutandconfiguration
2024-02-22 22:25:59,528 [INFO] PluginManage:359 - Loaded plugin pinoutandconfiguration (category:base,tabindex:1)
2024-02-22 22:25:59,528 [INFO] PluginManage:310 - Check plugin pinoutconfig
2024-02-22 22:25:59,592 [WARN] SupportedApi:132 - Cannot load RTOS API schema: s4s-elt-must-match.1: The content of 'definitions' must match (annotation?, (simpleType | complexType)?, (unique | key | keyref)*)). A problem was found starting at: attribute.
2024-02-22 22:25:59,685 [INFO] PluginManage:359 - Loaded plugin pinoutconfig (category:base,tabindex:0)
2024-02-22 22:25:59,685 [INFO] PluginManage:310 - Check plugin power
2024-02-22 22:25:59,691 [INFO] PluginManage:359 - Loaded plugin power (category:power,tabindex:4)
2024-02-22 22:25:59,692 [INFO] PluginManage:310 - Check plugin projectmanager
2024-02-22 22:25:59,725 [INFO] PluginManage:359 - Loaded plugin projectmanager (category:projectmanager,tabindex:3)
2024-02-22 22:25:59,726 [INFO] PluginManage:310 - Check plugin thirdparty
2024-02-22 22:25:59,824 [INFO] PluginManage:359 - Loaded plugin thirdparty (category:base,tabindex:-1)
2024-02-22 22:25:59,824 [INFO] PluginManage:310 - Check plugin tools
2024-02-22 22:25:59,824 [WARN] IntegrityCheckThread:84 - waiting for thirdparty lock release [integrity check]
2024-02-22 22:25:59,824 [INFO] IntegrityCheckThread:86 - entering critical section [integrity check]
2024-02-22 22:25:59,824 [INFO] ThirdPartyUpdaterWithRetryManager:70 - Updater plugin not ready yet. [1/15]
2024-02-22 22:25:59,825 [INFO] PluginManage:359 - Loaded plugin tools (category:base,tabindex:7)
2024-02-22 22:25:59,825 [INFO] PluginManage:310 - Check plugin tutovideos
2024-02-22 22:25:59,943 [INFO] PluginManage:359 - Loaded plugin tutovideos (category:base,tabindex:-1)
2024-02-22 22:25:59,943 [INFO] PluginManage:310 - Check plugin updater
2024-02-22 22:25:59,951 [INFO] PluginManage:359 - Loaded plugin updater (category:base,tabindex:12)
2024-02-22 22:25:59,951 [INFO] PluginManage:310 - Check plugin userauth
2024-02-22 22:25:59,955 [INFO] UserAuth:113 - Init User Auth plugin
2024-02-22 22:25:59,956 [INFO] PluginManage:359 - Loaded plugin userauth (category:base,tabindex:14)
2024-02-22 22:25:59,956 [INFO] PluginManage:283 - PluginManage : Loaded plugins [17]
2024-02-22 22:26:00,089 [INFO] PinOutPanel:1499 - setPackage(No Configuration,No Configuration)
2024-02-22 22:26:00,158 [INFO] CADModel:165 - CPN selected for project level
2024-02-22 22:26:00,158 [INFO] CADModel:114 - Register for checkConnection events
2024-02-22 22:26:00,166 [INFO] IPUIPlugin:80 - create IPUIPlugin
2024-02-22 22:26:00,166 [INFO] PluginManager:220 - loadIPPluginJar : add comp
2024-02-22 22:26:00,168 [INFO] IPUIPlugin:80 - create IPUIPlugin
2024-02-22 22:26:00,168 [INFO] PluginManager:220 - loadIPPluginJar : add gtzc
2024-02-22 22:26:00,172 [INFO] IPUIPlugin:80 - create IPUIPlugin
2024-02-22 22:26:00,172 [INFO] PluginManager:220 - loadIPPluginJar : add touchsensing
2024-02-22 22:26:00,173 [INFO] IPUIPlugin:80 - create IPUIPlugin
2024-02-22 22:26:00,173 [INFO] PluginManager:220 - loadIPPluginJar : add quadspi
2024-02-22 22:26:00,176 [INFO] IPUIPlugin:80 - create IPUIPlugin
2024-02-22 22:26:00,177 [INFO] PluginManager:220 - loadIPPluginJar : add dma
2024-02-22 22:26:00,178 [INFO] IPUIPlugin:80 - create IPUIPlugin
2024-02-22 22:26:00,178 [INFO] PluginManager:220 - loadIPPluginJar : add aes
2024-02-22 22:26:00,179 [INFO] IPUIPlugin:80 - create IPUIPlugin
2024-02-22 22:26:00,179 [INFO] PluginManager:220 - loadIPPluginJar : add dfsdm
2024-02-22 22:26:00,182 [INFO] IPUIPlugin:80 - create IPUIPlugin
2024-02-22 22:26:00,182 [INFO] PluginManager:220 - loadIPPluginJar : add opamp
2024-02-22 22:26:00,183 [INFO] IPUIPlugin:80 - create IPUIPlugin
2024-02-22 22:26:00,183 [INFO] PluginManager:220 - loadIPPluginJar : add ts
2024-02-22 22:26:00,185 [INFO] IPUIPlugin:80 - create IPUIPlugin
2024-02-22 22:26:00,185 [INFO] PluginManager:220 - loadIPPluginJar : add sai
2024-02-22 22:26:00,187 [INFO] IPUIPlugin:80 - create IPUIPlugin
2024-02-22 22:26:00,187 [INFO] PluginManager:220 - loadIPPluginJar : add gpio
2024-02-22 22:26:00,188 [INFO] IPUIPlugin:80 - create IPUIPlugin
2024-02-22 22:26:00,189 [INFO] PluginManager:220 - loadIPPluginJar : add gfxmmu
2024-02-22 22:26:00,193 [INFO] IPUIPlugin:80 - create IPUIPlugin
2024-02-22 22:26:00,193 [INFO] PluginManager:220 - loadIPPluginJar : add linkedlist
2024-02-22 22:26:00,196 [INFO] IPUIPlugin:80 - create IPUIPlugin
2024-02-22 22:26:00,196 [INFO] PluginManager:220 - loadIPPluginJar : add fmc
2024-02-22 22:26:00,197 [INFO] IPUIPlugin:80 - create IPUIPlugin
2024-02-22 22:26:00,197 [INFO] PluginManager:220 - loadIPPluginJar : add tsc
2024-02-22 22:26:00,200 [INFO] IPUIPlugin:80 - create IPUIPlugin
2024-02-22 22:26:00,200 [INFO] PluginManager:220 - loadIPPluginJar : add adc
2024-02-22 22:26:00,201 [INFO] IPUIPlugin:80 - create IPUIPlugin
2024-02-22 22:26:00,201 [INFO] PluginManager:220 - loadIPPluginJar : add tracer_emb
2024-02-22 22:26:00,202 [INFO] IPUIPlugin:80 - create IPUIPlugin
2024-02-22 22:26:00,202 [INFO] PluginManager:220 - loadIPPluginJar : add spi
2024-02-22 22:26:00,203 [INFO] IPUIPlugin:80 - create IPUIPlugin
2024-02-22 22:26:00,203 [INFO] PluginManager:220 - loadIPPluginJar : add ltdc
2024-02-22 22:26:00,204 [INFO] IPUIPlugin:80 - create IPUIPlugin
2024-02-22 22:26:00,204 [INFO] PluginManager:220 - loadIPPluginJar : add openamp
2024-02-22 22:26:00,205 [INFO] IPUIPlugin:80 - create IPUIPlugin
2024-02-22 22:26:00,205 [INFO] PluginManager:220 - loadIPPluginJar : add usart
2024-02-22 22:26:00,208 [INFO] IPUIPlugin:80 - create IPUIPlugin
2024-02-22 22:26:00,208 [INFO] PluginManager:220 - loadIPPluginJar : add stm32_wpan
2024-02-22 22:26:00,209 [INFO] IPUIPlugin:80 - create IPUIPlugin
2024-02-22 22:26:00,209 [INFO] PluginManager:220 - loadIPPluginJar : add i3c
2024-02-22 22:26:00,210 [INFO] IPUIPlugin:80 - create IPUIPlugin
2024-02-22 22:26:00,210 [INFO] PluginManager:220 - loadIPPluginJar : add dma3
2024-02-22 22:26:00,211 [INFO] IPUIPlugin:80 - create IPUIPlugin
2024-02-22 22:26:00,212 [INFO] PluginManager:220 - loadIPPluginJar : add usbx
2024-02-22 22:26:00,215 [INFO] IPUIPlugin:80 - create IPUIPlugin
2024-02-22 22:26:00,215 [INFO] PluginManager:220 - loadIPPluginJar : add mdma
2024-02-22 22:26:00,216 [INFO] IPUIPlugin:80 - create IPUIPlugin
2024-02-22 22:26:00,216 [INFO] PluginManager:220 - loadIPPluginJar : add cryp
2024-02-22 22:26:00,216 [INFO] IPUIPlugin:80 - create IPUIPlugin
2024-02-22 22:26:00,216 [INFO] PluginManager:220 - loadIPPluginJar : add genericplugin
2024-02-22 22:26:00,217 [INFO] IPUIPlugin:80 - create IPUIPlugin
2024-02-22 22:26:00,217 [INFO] PluginManager:220 - loadIPPluginJar : add can
2024-02-22 22:26:00,218 [INFO] IPUIPlugin:80 - create IPUIPlugin
2024-02-22 22:26:00,218 [INFO] PluginManager:220 - loadIPPluginJar : add ucpd
2024-02-22 22:26:00,219 [INFO] IPUIPlugin:80 - create IPUIPlugin
2024-02-22 22:26:00,219 [INFO] PluginManager:220 - loadIPPluginJar : add hash
2024-02-22 22:26:00,221 [INFO] IPUIPlugin:80 - create IPUIPlugin
2024-02-22 22:26:00,221 [INFO] PluginManager:220 - loadIPPluginJar : add nvic
2024-02-22 22:26:00,222 [INFO] IPUIPlugin:80 - create IPUIPlugin
2024-02-22 22:26:00,222 [INFO] PluginManager:220 - loadIPPluginJar : add pdm2pcm
2024-02-22 22:26:00,222 [INFO] IPUIPlugin:80 - create IPUIPlugin
2024-02-22 22:26:00,222 [INFO] PluginManager:220 - loadIPPluginJar : add fatfs
2024-02-22 22:26:00,225 [INFO] IPUIPlugin:80 - create IPUIPlugin
2024-02-22 22:26:00,225 [INFO] PluginManager:220 - loadIPPluginJar : add freertos
2024-02-22 22:26:00,226 [INFO] IPUIPlugin:80 - create IPUIPlugin
2024-02-22 22:26:00,226 [INFO] PluginManager:220 - loadIPPluginJar : add lorawan
2024-02-22 22:26:00,229 [INFO] IPUIPlugin:80 - create IPUIPlugin
2024-02-22 22:26:00,229 [INFO] PluginManager:220 - loadIPPluginJar : add gic
2024-02-22 22:26:00,231 [INFO] IPUIPlugin:80 - create IPUIPlugin
2024-02-22 22:26:00,231 [INFO] PluginManager:220 - loadIPPluginJar : add resmgrutility
2024-02-22 22:26:00,234 [INFO] IPUIPlugin:80 - create IPUIPlugin
2024-02-22 22:26:00,236 [INFO] PluginManager:220 - loadIPPluginJar : add plateformsettings
2024-02-22 22:26:00,238 [INFO] IPUIPlugin:80 - create IPUIPlugin
2024-02-22 22:26:00,238 [INFO] PluginManager:220 - loadIPPluginJar : add ipddr
2024-02-22 22:26:00,240 [INFO] IPUIPlugin:80 - create IPUIPlugin
2024-02-22 22:26:00,240 [INFO] PluginManager:220 - loadIPPluginJar : add i2s
2024-02-22 22:26:00,240 [INFO] IPUIPlugin:80 - create IPUIPlugin
2024-02-22 22:26:00,240 [INFO] PluginManager:220 - loadIPPluginJar : add tim
2024-02-22 22:26:00,242 [INFO] IPUIPlugin:80 - create IPUIPlugin
2024-02-22 22:26:00,242 [INFO] PluginManager:220 - loadIPPluginJar : add i2c
2024-02-22 22:26:00,333 [INFO] CADModel:165 - CPN selected for project level
2024-02-22 22:26:00,333 [INFO] CADModel:114 - Register for checkConnection events
2024-02-22 22:26:00,334 [FATAL] Updater:308 - Updater called before beeing initialized
2024-02-22 22:26:00,334 [ERROR] CADModel:125 - Updater not yet initialized, retry later 
2024-02-22 22:26:00,424 [INFO] CADModel:165 - CPN selected for project level
2024-02-22 22:26:00,425 [INFO] CADModel:114 - Register for checkConnection events
2024-02-22 22:26:00,425 [FATAL] Updater:308 - Updater called before beeing initialized
2024-02-22 22:26:00,425 [ERROR] CADModel:125 - Updater not yet initialized, retry later 
2024-02-22 22:26:00,427 [FATAL] Updater:308 - Updater called before beeing initialized
2024-02-22 22:26:00,477 [FATAL] Updater:308 - Updater called before beeing initialized
2024-02-22 22:26:00,481 [INFO] DbMcusAds:53 - JSON generation date=Wed Nov 29 11:52:27 CET 2023 (1701255147349)
2024-02-22 22:26:00,481 [FATAL] Updater:308 - Updater called before beeing initialized
2024-02-22 22:26:00,506 [WARN] DetailPanel:346 - Failed to get advertising image, set to default
2024-02-22 22:26:00,589 [FATAL] Updater:308 - Updater called before beeing initialized
2024-02-22 22:26:00,590 [FATAL] Updater:308 - Updater called before beeing initialized
2024-02-22 22:26:00,590 [FATAL] Updater:308 - Updater called before beeing initialized
2024-02-22 22:26:00,590 [WARN] DetailPanel:346 - Failed to get advertising image, set to default
2024-02-22 22:26:00,591 [FATAL] Updater:308 - Updater called before beeing initialized
2024-02-22 22:26:00,628 [ERROR] Updater:1120 - MainUpdater not yet initialized. External WinMGr cannot be set.
2024-02-22 22:26:00,629 [INFO] Updater:1056 - Updater Version found : 6.9.2
2024-02-22 22:26:00,644 [INFO] ApplicationProperties:184 - Using Application install path: /opt/st/stm32cubeide_1.13.2/plugins/com.st.stm32cube.common.mx_6.9.2.202309101412
2024-02-22 22:26:00,735 [INFO] MainUpdater:2868 - connection check result : 10
2024-02-22 22:26:00,736 [INFO] MainUpdater:285 - Updater Check For Update Now.
2024-02-22 22:26:00,736 [INFO] MicroXplorer:498 - Change Database Version : DB.6.0.92
2024-02-22 22:26:00,739 [INFO] McuFinderGlobals:63 - Set McuFinder mode to 2 (CubeIDE integrated)
2024-02-22 22:26:00,901 [INFO] CheckServerUpdateThread:120 - End of CheckServer Thread
2024-02-22 22:26:02,879 [WARN] PackLoader:240 - Cannot read IP mode file for STMicroelectronics.X-CUBE-SMBUS.2.1.0
2024-02-22 22:26:02,883 [WARN] PackLoader:240 - Cannot read IP mode file for STMicroelectronics.X-CUBE-TOUCHGFX.4.23.0
2024-02-22 22:26:02,911 [WARN] PackLoader:240 - Cannot read IP mode file for STMicroelectronics.X-CUBE-AZRTOS-F7.1.1.0
2024-02-22 22:26:02,920 [WARN] PackLoader:240 - Cannot read IP mode file for STMicroelectronics.FP-SNS-MOTENV1.4.3.2
2024-02-22 22:26:02,925 [WARN] PackLoader:240 - Cannot read IP mode file for STMicroelectronics.FP-SNS-FLIGHT1.5.0.2
2024-02-22 22:26:02,931 [WARN] PackLoader:240 - Cannot read IP mode file for STMicroelectronics.X-CUBE-DISPLAY.3.0.0
2024-02-22 22:26:02,941 [WARN] PackLoader:240 - Cannot read IP mode file for STMicroelectronics.X-CUBE-BLE1.7.0.0
2024-02-22 22:26:02,944 [WARN] PackLoader:240 - Cannot read IP mode file for emotas.I-CUBE-CANOPEN.1.3.0
2024-02-22 22:26:02,946 [WARN] PackLoader:240 - Cannot read IP mode file for STMicroelectronics.X-CUBE-TOUCHGFX.4.22.1
2024-02-22 22:26:02,948 [WARN] PackLoader:240 - Cannot read IP mode file for STMicroelectronics.FP-SNS-SMARTAG2.1.2.0
2024-02-22 22:26:02,957 [INFO] LogOutputStream:77 - [STDOUT_REDIRECT] 1 : Invalid condition id : UX_CORESTACK_Condition cause : null
2024-02-22 22:26:02,958 [INFO] LogOutputStream:77 - [STDOUT_REDIRECT] 1 : Invalid condition id : UX_CORESTACK_Condition cause : null
2024-02-22 22:26:02,958 [INFO] LogOutputStream:77 - [STDOUT_REDIRECT] 1 : Invalid condition id : UX_CORESTACK_Condition cause : null
2024-02-22 22:26:02,958 [INFO] LogOutputStream:77 - [STDOUT_REDIRECT] 1 : Invalid condition id : UX_CORESTACK_Condition cause : null
2024-02-22 22:26:02,958 [INFO] LogOutputStream:77 - [STDOUT_REDIRECT] 1 : Invalid condition id : UX_CORESTACK_Condition cause : null
2024-02-22 22:26:02,962 [WARN] PackLoader:240 - Cannot read IP mode file for STMicroelectronics.X-CUBE-AZRTOS-WL.2.0.0
2024-02-22 22:26:02,968 [WARN] PackLoader:240 - Cannot read IP mode file for WES.I-CUBE-Cesium.1.3.0
2024-02-22 22:26:02,972 [WARN] PackLoader:240 - Cannot read IP mode file for STMicroelectronics.X-CUBE-BLE2.3.3.0
2024-02-22 22:26:02,976 [WARN] PackLoader:240 - Cannot read IP mode file for STMicroelectronics.X-CUBE-ALGOBUILD.1.3.0
2024-02-22 22:26:02,991 [WARN] PackLoader:240 - Cannot read IP mode file for STMicroelectronics.X-CUBE-AZRTOS-G0.1.1.0
2024-02-22 22:26:02,999 [WARN] PackLoader:240 - Cannot read IP mode file for STMicroelectronics.X-CUBE-NFC4.3.0.0
2024-02-22 22:26:03,007 [WARN] PackLoader:240 - Cannot read IP mode file for STMicroelectronics.X-CUBE-BLEMGR.3.0.0
2024-02-22 22:26:03,012 [WARN] PackLoader:240 - Cannot read IP mode file for STMicroelectronics.FP-ATR-SIGFOX1.3.2.0
2024-02-22 22:26:03,016 [WARN] PackLoader:240 - Cannot read IP mode file for STMicroelectronics.X-CUBE-EEPRMA1.5.1.0
2024-02-22 22:26:03,055 [WARN] PackLoader:240 - Cannot read IP mode file for SEGGER.I-CUBE-embOS.1.3.1
2024-02-22 22:26:03,100 [WARN] PackLoader:240 - Cannot read IP mode file for STMicroelectronics.X-CUBE-GNSS1.6.0.0
2024-02-22 22:26:03,115 [WARN] PackLoader:240 - Cannot read IP mode file for STMicroelectronics.X-CUBE-AZRTOS-F4.1.1.0
2024-02-22 22:26:03,120 [WARN] PackLoader:240 - Cannot read IP mode file for wolfSSL.I-CUBE-wolfSSL.5.6.3
2024-02-22 22:26:03,133 [WARN] PackLoader:240 - Cannot read IP mode file for STMicroelectronics.X-CUBE-AZRTOS-L5.2.0.0
2024-02-22 22:26:03,139 [WARN] PackLoader:240 - Cannot read IP mode file for STMicroelectronics.X-CUBE-EEPRMA1.4.2.0
2024-02-22 22:26:03,143 [WARN] PackLoader:240 - Cannot read IP mode file for ITTIA_DB.I-CUBE-ITTIADB.8.8.0
2024-02-22 22:26:03,147 [WARN] PackLoader:240 - Cannot read IP mode file for STMicroelectronics.X-CUBE-BLEMGR.2.0.0
2024-02-22 22:26:03,163 [WARN] ConditionMgr:438 - getConditionDescription Invalid condition id : UX DEVICE CLASS RTOS Condition cause : null
2024-02-22 22:26:03,163 [WARN] ConditionMgr:438 - getConditionDescription Invalid condition id : UX DEVICE CLASS RTOS Condition cause : null
2024-02-22 22:26:03,166 [WARN] PackLoader:240 - Cannot read IP mode file for STMicroelectronics.X-CUBE-AZRTOS-H7.3.1.0
2024-02-22 22:26:03,166 [WARN] ConditionMgr:1039 - genDependencies : Invalid condition id : UX DEVICE CLASS RTOS Condition cause : null
2024-02-22 22:26:03,167 [WARN] ConditionMgr:1039 - genDependencies : Invalid condition id : UX DEVICE CLASS RTOS Condition cause : null
2024-02-22 22:26:03,167 [WARN] ConditionMgr:1039 - genDependencies : Invalid condition id : UX DEVICE CLASS RTOS Condition cause : null
2024-02-22 22:26:03,167 [WARN] ConditionMgr:1039 - genDependencies : Invalid condition id : UX DEVICE CLASS RTOS Condition cause : null
2024-02-22 22:26:03,167 [WARN] ConditionMgr:1039 - genDependencies : Invalid condition id : UX DEVICE CLASS RTOS Condition cause : null
2024-02-22 22:26:03,172 [WARN] PackLoader:240 - Cannot read IP mode file for STMicroelectronics.X-CUBE-NFC7.1.0.1
2024-02-22 22:26:03,178 [WARN] PackLoader:240 - Cannot read IP mode file for STMicroelectronics.X-CUBE-NFC6.3.0.0
2024-02-22 22:26:03,182 [WARN] PackLoader:240 - Cannot read IP mode file for STMicroelectronics.X-CUBE-AI.8.1.0
2024-02-22 22:26:03,196 [WARN] ConditionMgr:438 - getConditionDescription Invalid condition id : LAN8742 Phy interface Condition cause : null
2024-02-22 22:26:03,197 [WARN] PackLoader:240 - Cannot read IP mode file for STMicroelectronics.X-CUBE-AZRTOS-L4.2.0.0
2024-02-22 22:26:03,198 [WARN] ConditionMgr:1039 - genDependencies : Invalid condition id : LAN8742 Phy interface Condition cause : null
2024-02-22 22:26:03,198 [WARN] ConditionMgr:1039 - genDependencies : Invalid condition id : LAN8742 Phy interface Condition cause : null
2024-02-22 22:26:03,199 [WARN] ConditionMgr:1039 - genDependencies : Invalid condition id : LAN8742 Phy interface Condition cause : null
2024-02-22 22:26:03,209 [WARN] PackLoader:240 - Cannot read IP mode file for STMicroelectronics.X-CUBE-SFXS2LP1.4.0.0
2024-02-22 22:26:03,212 [WARN] PackLoader:240 - Cannot read IP mode file for STMicroelectronics.X-CUBE-ISPU.1.1.0
2024-02-22 22:26:03,225 [WARN] ConditionMgr:438 - getConditionDescription Invalid condition id : UX DEVICE CLASS RTOS Condition cause : null
2024-02-22 22:26:03,225 [WARN] ConditionMgr:438 - getConditionDescription Invalid condition id : UX DEVICE CLASS RTOS Condition cause : null
2024-02-22 22:26:03,227 [WARN] PackLoader:240 - Cannot read IP mode file for STMicroelectronics.X-CUBE-AZRTOS-WB.2.0.0
2024-02-22 22:26:03,228 [WARN] ConditionMgr:1039 - genDependencies : Invalid condition id : UX DEVICE CLASS RTOS Condition cause : null
2024-02-22 22:26:03,228 [WARN] ConditionMgr:1039 - genDependencies : Invalid condition id : UX DEVICE CLASS RTOS Condition cause : null
2024-02-22 22:26:03,229 [WARN] ConditionMgr:1039 - genDependencies : Invalid condition id : UX DEVICE CLASS RTOS Condition cause : null
2024-02-22 22:26:03,229 [WARN] ConditionMgr:1039 - genDependencies : Invalid condition id : UX DEVICE CLASS RTOS Condition cause : null
2024-02-22 22:26:03,229 [WARN] ConditionMgr:1039 - genDependencies : Invalid condition id : UX DEVICE CLASS RTOS Condition cause : null
2024-02-22 22:26:03,238 [WARN] PackLoader:240 - Cannot read IP mode file for STMicroelectronics.X-CUBE-SUBG2.5.0.0
2024-02-22 22:26:03,263 [WARN] PackLoader:240 - Cannot read IP mode file for STMicroelectronics.X-CUBE-TOF1.3.3.1
2024-02-22 22:26:03,287 [WARN] PackLoader:240 - Cannot read IP mode file for STMicroelectronics.X-CUBE-AZRTOS-G4.2.0.0
2024-02-22 22:26:03,300 [WARN] PackLoader:240 - Cannot read IP mode file for Infineon.AIROC-Wi-Fi-Bluetooth-STM32.1.5.1
2024-02-22 22:26:03,306 [WARN] PackLoader:240 - Cannot read IP mode file for STMicroelectronics.FP-SNS-MOTENVWB1.1.3.0
2024-02-22 22:26:03,309 [WARN] PackLoader:240 - Cannot read IP mode file for STMicroelectronics.FP-SNS-MOTENVWB1.1.3.1
2024-02-22 22:26:03,312 [WARN] PackLoader:240 - Cannot read IP mode file for STMicroelectronics.X-CUBE-ISPU.2.0.0
2024-02-22 22:26:03,340 [WARN] PackLoader:240 - Cannot read IP mode file for STMicroelectronics.X-CUBE-MEMS1.10.0.0
2024-02-22 22:26:03,453 [WARN] PackLoader:240 - Cannot read IP mode file for STMicroelectronics.X-CUBE-FREERTOS.1.1.0
2024-02-22 22:26:03,456 [WARN] PackLoader:240 - Cannot read IP mode file for portGmbH.I-Cube-SoM-uGOAL.1.1.0
2024-02-22 22:26:03,459 [WARN] PackLoader:240 - Cannot read IP mode file for STMicroelectronics.X-CUBE-ALS.1.0.1
2024-02-22 22:26:03,461 [WARN] PackLoader:240 - Cannot read IP mode file for STMicroelectronics.FP-ATR-ASTRA1.2.0.0
2024-02-22 22:26:03,469 [WARN] PackLoader:240 - Cannot read IP mode file for STMicroelectronics.X-CUBE-TOF1.3.4.0
2024-02-22 22:26:03,489 [WARN] PackLoader:240 - Cannot read IP mode file for STMicroelectronics.X-CUBE-AZRTOS-H7.3.2.0
2024-02-22 22:26:03,491 [INFO] ThirdParty:978 - Integrity check success = true
2024-02-22 22:26:03,491 [INFO] IntegrityCheckThread:100 - exiting critical section [integrity check]
2024-02-22 22:26:03,491 [INFO] IntegrityCheckThread:103 - End integrity checks thread
2024-02-22 22:26:21,239 [ERROR] LogOutputStream:75 - [STDERR_REDIRECT] SLF4J: Failed to load class "org.slf4j.impl.StaticLoggerBinder".
2024-02-22 22:26:21,240 [ERROR] LogOutputStream:75 - [STDERR_REDIRECT] SLF4J: Defaulting to no-operation (NOP) logger implementation
2024-02-22 22:26:21,240 [ERROR] LogOutputStream:75 - [STDERR_REDIRECT] SLF4J: See http://www.slf4j.org/codes.html#StaticLoggerBinder for further details.
