2023-11-12 08:11:50,155 [INFO] Activator:176 - 


2023-11-12 08:11:50,156 [INFO] Activator:177 - !SESSION log4j initialized
2023-11-12 08:11:51,332 [INFO] LogOutputStream:77 - [STDOUT_REDIRECT] 
2023-11-12 08:11:52,576 [INFO] ApplicationProperties:184 - Using Application install path: /opt/st/stm32cubeide_1.13.2/plugins/com.st.stm32cube.common.mx_6.9.2.202309101412
2023-11-12 08:11:52,588 [INFO] DbMcusXml:78 - Set database path to: /opt/st/stm32cubeide_1.13.2/plugins/com.st.stm32cube.common.mx_6.9.2.202309101412//db//mcu/
2023-11-12 08:11:52,588 [INFO] ApiDb:274 - Set plugin database path to: /opt/st/stm32cubeide_1.13.2/plugins/com.st.stm32cube.common.mx_6.9.2.202309101412//db//plugins/boardmanager/
2023-11-12 08:11:52,588 [WARN] ApiDb:259 - Overriding images path with different value:  => /opt/st/stm32cubeide_1.13.2/plugins/com.st.stm32cube.common.mx_6.9.2.202309101412//db//plugins/mcufinder/images/
2023-11-12 08:11:52,593 [INFO] ApiDb:250 - Set database path to: /home/vakrapeci/.stmcufinder/plugins/mcufinder//mcu/
2023-11-12 08:11:52,593 [INFO] DbMcusAds:125 - Set database path to: /home/vakrapeci/.stmcufinder/plugins/mcufinder//mcu/
2023-11-12 08:11:52,595 [INFO] CrossReferenceDbSqlite:203 - Set database path to: /home/vakrapeci/.stmcufinder/plugins/mcufinder//mcu/cs/
2023-11-12 08:11:52,673 [INFO] RulesReader:64 - Compatibility file has been processed (293 Rules)
2023-11-12 08:11:52,716 [INFO] DbMcusXml:78 - Set database path to: /opt/st/stm32cubeide_1.13.2/plugins/com.st.stm32cube.common.mx_6.9.2.202309101412//db//mcu/
2023-11-12 08:11:52,716 [INFO] ApiDb:274 - Set plugin database path to: /opt/st/stm32cubeide_1.13.2/plugins/com.st.stm32cube.common.mx_6.9.2.202309101412//db//plugins/boardmanager/
2023-11-12 08:11:52,716 [INFO] ApiDb:261 - Set plugin images path to: /opt/st/stm32cubeide_1.13.2/plugins/com.st.stm32cube.common.mx_6.9.2.202309101412//db//plugins/mcufinder/images/
2023-11-12 08:11:52,717 [WARN] DbFile:41 - Overriding database path with different value: /home/vakrapeci/.stmcufinder/plugins/mcufinder/ => /home/vakrapeci/.stmcufinder/plugins/mcufinder
2023-11-12 08:11:52,717 [INFO] ApiDb:250 - Set database path to: /home/vakrapeci/.stmcufinder/plugins/mcufinder//mcu/
2023-11-12 08:11:52,717 [WARN] DbFile:41 - Overriding database path with different value: /home/vakrapeci/.stmcufinder/plugins/mcufinder/ => /home/vakrapeci/.stmcufinder/plugins/mcufinder
2023-11-12 08:11:52,717 [INFO] DbMcusAds:125 - Set database path to: /home/vakrapeci/.stmcufinder/plugins/mcufinder//mcu/
2023-11-12 08:11:52,717 [WARN] DbFile:41 - Overriding database path with different value: /home/vakrapeci/.stmcufinder/plugins/mcufinder/ => /home/vakrapeci/.stmcufinder/plugins/mcufinder
2023-11-12 08:11:52,717 [WARN] DbFile:41 - Overriding database path with different value: /home/vakrapeci/.stmcufinder/plugins/mcufinder/ => /home/vakrapeci/.stmcufinder/plugins/mcufinder
2023-11-12 08:11:52,717 [INFO] CrossReferenceDbSqlite:203 - Set database path to: /home/vakrapeci/.stmcufinder/plugins/mcufinder//mcu/cs/
2023-11-12 08:11:52,762 [INFO] MainPanel:262 - HeapMemory: 268435456
2023-11-12 08:11:52,809 [INFO] DbMcusXml:78 - Set database path to: /opt/st/stm32cubeide_1.13.2/plugins/com.st.stm32cube.common.mx_6.9.2.202309101412//db//mcu/
2023-11-12 08:11:52,809 [INFO] ApiDb:274 - Set plugin database path to: /opt/st/stm32cubeide_1.13.2/plugins/com.st.stm32cube.common.mx_6.9.2.202309101412//db//plugins/boardmanager/
2023-11-12 08:11:52,809 [INFO] ApiDb:261 - Set plugin images path to: /opt/st/stm32cubeide_1.13.2/plugins/com.st.stm32cube.common.mx_6.9.2.202309101412//db//plugins/mcufinder/images/
2023-11-12 08:11:52,809 [WARN] DbFile:41 - Overriding database path with different value: /home/vakrapeci/.stmcufinder/plugins/mcufinder/ => /home/vakrapeci/.stmcufinder/plugins/mcufinder
2023-11-12 08:11:52,809 [INFO] ApiDb:250 - Set database path to: /home/vakrapeci/.stmcufinder/plugins/mcufinder//mcu/
2023-11-12 08:11:52,809 [WARN] DbFile:41 - Overriding database path with different value: /home/vakrapeci/.stmcufinder/plugins/mcufinder/ => /home/vakrapeci/.stmcufinder/plugins/mcufinder
2023-11-12 08:11:52,809 [INFO] DbMcusAds:125 - Set database path to: /home/vakrapeci/.stmcufinder/plugins/mcufinder//mcu/
2023-11-12 08:11:52,809 [WARN] DbFile:41 - Overriding database path with different value: /home/vakrapeci/.stmcufinder/plugins/mcufinder/ => /home/vakrapeci/.stmcufinder/plugins/mcufinder
2023-11-12 08:11:52,810 [WARN] DbFile:41 - Overriding database path with different value: /home/vakrapeci/.stmcufinder/plugins/mcufinder/ => /home/vakrapeci/.stmcufinder/plugins/mcufinder
2023-11-12 08:11:52,810 [INFO] CrossReferenceDbSqlite:203 - Set database path to: /home/vakrapeci/.stmcufinder/plugins/mcufinder//mcu/cs/
2023-11-12 08:11:52,819 [INFO] ApplicationProperties:184 - Using Application install path: /opt/st/stm32cubeide_1.13.2/plugins/com.st.stm32cube.common.mx_6.9.2.202309101412
2023-11-12 08:11:52,820 [INFO] PluginManage:196 - Search for loadable plugins [exclusion list=, ]
2023-11-12 08:11:52,821 [INFO] PluginManage:310 - Check plugin analytics
2023-11-12 08:11:52,941 [INFO] AnalyticsPlugin:253 - Accepted Software Licenses: 
2023-11-12 08:11:52,942 [INFO] AnalyticsPlugin:255 - Accepted CMSIS Pack Licenses: 
2023-11-12 08:11:52,942 [INFO] AnalyticsPlugin:257 - Accepted Firmware Licenses: FW.F4.1.27.0,FW.H7.1.11.0
2023-11-12 08:11:52,943 [INFO] PluginManage:359 - Loaded plugin analytics (category:tool,tabindex:-1)
2023-11-12 08:11:52,943 [INFO] PluginManage:310 - Check plugin cadmodel
2023-11-12 08:11:52,962 [INFO] CADModel:105 - Init CAD model plugin
2023-11-12 08:11:52,963 [INFO] PluginManage:359 - Loaded plugin cadmodel (category:power,tabindex:5)
2023-11-12 08:11:52,963 [INFO] PluginManage:310 - Check plugin clock
2023-11-12 08:11:52,967 [INFO] PluginManage:359 - Loaded plugin clock (category:base,tabindex:2)
2023-11-12 08:11:52,968 [INFO] PluginManage:310 - Check plugin ddr
2023-11-12 08:11:52,968 [INFO] PluginManage:359 - Loaded plugin ddr (category:tool,tabindex:6)
2023-11-12 08:11:52,968 [INFO] PluginManage:310 - Check plugin filemanager
2023-11-12 08:11:53,043 [INFO] PluginManage:359 - Loaded plugin filemanager (category:base,tabindex:10)
2023-11-12 08:11:53,043 [INFO] PluginManage:310 - Check plugin ipmanager
2023-11-12 08:11:53,047 [INFO] PluginManage:359 - Loaded plugin ipmanager (category:base,tabindex:5)
2023-11-12 08:11:53,047 [INFO] PluginManage:310 - Check plugin lpbam
2023-11-12 08:11:53,052 [INFO] PluginManage:359 - Loaded plugin lpbam (category:base,tabindex:0)
2023-11-12 08:11:53,052 [INFO] PluginManage:310 - Check plugin memorymap
2023-11-12 08:11:53,058 [INFO] PluginManage:359 - Loaded plugin memorymap (category:base,tabindex:4)
2023-11-12 08:11:53,058 [INFO] PluginManage:310 - Check plugin pinoutandconfiguration
2023-11-12 08:11:53,062 [INFO] PluginManage:359 - Loaded plugin pinoutandconfiguration (category:base,tabindex:1)
2023-11-12 08:11:53,062 [INFO] PluginManage:310 - Check plugin pinoutconfig
2023-11-12 08:11:53,114 [WARN] SupportedApi:132 - Cannot load RTOS API schema: s4s-elt-must-match.1: The content of 'definitions' must match (annotation?, (simpleType | complexType)?, (unique | key | keyref)*)). A problem was found starting at: attribute.
2023-11-12 08:11:53,207 [INFO] PluginManage:359 - Loaded plugin pinoutconfig (category:base,tabindex:0)
2023-11-12 08:11:53,207 [INFO] PluginManage:310 - Check plugin power
2023-11-12 08:11:53,211 [INFO] PluginManage:359 - Loaded plugin power (category:power,tabindex:4)
2023-11-12 08:11:53,211 [INFO] PluginManage:310 - Check plugin projectmanager
2023-11-12 08:11:53,219 [INFO] PluginManage:359 - Loaded plugin projectmanager (category:projectmanager,tabindex:3)
2023-11-12 08:11:53,219 [INFO] PluginManage:310 - Check plugin thirdparty
2023-11-12 08:11:53,290 [INFO] PluginManage:359 - Loaded plugin thirdparty (category:base,tabindex:-1)
2023-11-12 08:11:53,291 [INFO] PluginManage:310 - Check plugin tools
2023-11-12 08:11:53,290 [WARN] IntegrityCheckThread:84 - waiting for thirdparty lock release [integrity check]
2023-11-12 08:11:53,291 [INFO] IntegrityCheckThread:86 - entering critical section [integrity check]
2023-11-12 08:11:53,291 [INFO] ThirdPartyUpdaterWithRetryManager:70 - Updater plugin not ready yet. [1/15]
2023-11-12 08:11:53,292 [INFO] PluginManage:359 - Loaded plugin tools (category:base,tabindex:7)
2023-11-12 08:11:53,292 [INFO] PluginManage:310 - Check plugin tutovideos
2023-11-12 08:11:53,398 [INFO] PluginManage:359 - Loaded plugin tutovideos (category:base,tabindex:-1)
2023-11-12 08:11:53,398 [INFO] PluginManage:310 - Check plugin updater
2023-11-12 08:11:53,404 [INFO] PluginManage:359 - Loaded plugin updater (category:base,tabindex:12)
2023-11-12 08:11:53,404 [INFO] PluginManage:310 - Check plugin userauth
2023-11-12 08:11:53,407 [INFO] UserAuth:113 - Init User Auth plugin
2023-11-12 08:11:53,407 [INFO] PluginManage:359 - Loaded plugin userauth (category:base,tabindex:14)
2023-11-12 08:11:53,407 [INFO] PluginManage:283 - PluginManage : Loaded plugins [17]
2023-11-12 08:11:53,532 [INFO] PinOutPanel:1499 - setPackage(No Configuration,No Configuration)
2023-11-12 08:11:53,598 [INFO] CADModel:165 - CPN selected for project level
2023-11-12 08:11:53,598 [INFO] CADModel:114 - Register for checkConnection events
2023-11-12 08:11:53,605 [INFO] IPUIPlugin:80 - create IPUIPlugin
2023-11-12 08:11:53,605 [INFO] PluginManager:220 - loadIPPluginJar : add comp
2023-11-12 08:11:53,607 [INFO] IPUIPlugin:80 - create IPUIPlugin
2023-11-12 08:11:53,607 [INFO] PluginManager:220 - loadIPPluginJar : add gtzc
2023-11-12 08:11:53,610 [INFO] IPUIPlugin:80 - create IPUIPlugin
2023-11-12 08:11:53,610 [INFO] PluginManager:220 - loadIPPluginJar : add touchsensing
2023-11-12 08:11:53,611 [INFO] IPUIPlugin:80 - create IPUIPlugin
2023-11-12 08:11:53,611 [INFO] PluginManager:220 - loadIPPluginJar : add quadspi
2023-11-12 08:11:53,615 [INFO] IPUIPlugin:80 - create IPUIPlugin
2023-11-12 08:11:53,616 [INFO] PluginManager:220 - loadIPPluginJar : add dma
2023-11-12 08:11:53,617 [INFO] IPUIPlugin:80 - create IPUIPlugin
2023-11-12 08:11:53,617 [INFO] PluginManager:220 - loadIPPluginJar : add aes
2023-11-12 08:11:53,619 [INFO] IPUIPlugin:80 - create IPUIPlugin
2023-11-12 08:11:53,619 [INFO] PluginManager:220 - loadIPPluginJar : add dfsdm
2023-11-12 08:11:53,622 [INFO] IPUIPlugin:80 - create IPUIPlugin
2023-11-12 08:11:53,622 [INFO] PluginManager:220 - loadIPPluginJar : add opamp
2023-11-12 08:11:53,623 [INFO] IPUIPlugin:80 - create IPUIPlugin
2023-11-12 08:11:53,623 [INFO] PluginManager:220 - loadIPPluginJar : add ts
2023-11-12 08:11:53,625 [INFO] IPUIPlugin:80 - create IPUIPlugin
2023-11-12 08:11:53,625 [INFO] PluginManager:220 - loadIPPluginJar : add sai
2023-11-12 08:11:53,627 [INFO] IPUIPlugin:80 - create IPUIPlugin
2023-11-12 08:11:53,627 [INFO] PluginManager:220 - loadIPPluginJar : add gpio
2023-11-12 08:11:53,629 [INFO] IPUIPlugin:80 - create IPUIPlugin
2023-11-12 08:11:53,629 [INFO] PluginManager:220 - loadIPPluginJar : add gfxmmu
2023-11-12 08:11:53,634 [INFO] IPUIPlugin:80 - create IPUIPlugin
2023-11-12 08:11:53,634 [INFO] PluginManager:220 - loadIPPluginJar : add linkedlist
2023-11-12 08:11:53,638 [INFO] IPUIPlugin:80 - create IPUIPlugin
2023-11-12 08:11:53,638 [INFO] PluginManager:220 - loadIPPluginJar : add fmc
2023-11-12 08:11:53,639 [INFO] IPUIPlugin:80 - create IPUIPlugin
2023-11-12 08:11:53,639 [INFO] PluginManager:220 - loadIPPluginJar : add tsc
2023-11-12 08:11:53,643 [INFO] IPUIPlugin:80 - create IPUIPlugin
2023-11-12 08:11:53,643 [INFO] PluginManager:220 - loadIPPluginJar : add adc
2023-11-12 08:11:53,644 [INFO] IPUIPlugin:80 - create IPUIPlugin
2023-11-12 08:11:53,644 [INFO] PluginManager:220 - loadIPPluginJar : add tracer_emb
2023-11-12 08:11:53,646 [INFO] IPUIPlugin:80 - create IPUIPlugin
2023-11-12 08:11:53,646 [INFO] PluginManager:220 - loadIPPluginJar : add spi
2023-11-12 08:11:53,646 [INFO] IPUIPlugin:80 - create IPUIPlugin
2023-11-12 08:11:53,646 [INFO] PluginManager:220 - loadIPPluginJar : add ltdc
2023-11-12 08:11:53,648 [INFO] IPUIPlugin:80 - create IPUIPlugin
2023-11-12 08:11:53,648 [INFO] PluginManager:220 - loadIPPluginJar : add openamp
2023-11-12 08:11:53,650 [INFO] IPUIPlugin:80 - create IPUIPlugin
2023-11-12 08:11:53,650 [INFO] PluginManager:220 - loadIPPluginJar : add usart
2023-11-12 08:11:53,653 [INFO] IPUIPlugin:80 - create IPUIPlugin
2023-11-12 08:11:53,653 [INFO] PluginManager:220 - loadIPPluginJar : add stm32_wpan
2023-11-12 08:11:53,655 [INFO] IPUIPlugin:80 - create IPUIPlugin
2023-11-12 08:11:53,655 [INFO] PluginManager:220 - loadIPPluginJar : add i3c
2023-11-12 08:11:53,656 [INFO] IPUIPlugin:80 - create IPUIPlugin
2023-11-12 08:11:53,656 [INFO] PluginManager:220 - loadIPPluginJar : add dma3
2023-11-12 08:11:53,658 [INFO] IPUIPlugin:80 - create IPUIPlugin
2023-11-12 08:11:53,658 [INFO] PluginManager:220 - loadIPPluginJar : add usbx
2023-11-12 08:11:53,662 [INFO] IPUIPlugin:80 - create IPUIPlugin
2023-11-12 08:11:53,663 [INFO] PluginManager:220 - loadIPPluginJar : add mdma
2023-11-12 08:11:53,664 [INFO] IPUIPlugin:80 - create IPUIPlugin
2023-11-12 08:11:53,664 [INFO] PluginManager:220 - loadIPPluginJar : add cryp
2023-11-12 08:11:53,664 [INFO] IPUIPlugin:80 - create IPUIPlugin
2023-11-12 08:11:53,665 [INFO] PluginManager:220 - loadIPPluginJar : add genericplugin
2023-11-12 08:11:53,666 [INFO] IPUIPlugin:80 - create IPUIPlugin
2023-11-12 08:11:53,666 [INFO] PluginManager:220 - loadIPPluginJar : add can
2023-11-12 08:11:53,666 [INFO] IPUIPlugin:80 - create IPUIPlugin
2023-11-12 08:11:53,666 [INFO] PluginManager:220 - loadIPPluginJar : add ucpd
2023-11-12 08:11:53,667 [INFO] IPUIPlugin:80 - create IPUIPlugin
2023-11-12 08:11:53,667 [INFO] PluginManager:220 - loadIPPluginJar : add hash
2023-11-12 08:11:53,669 [INFO] IPUIPlugin:80 - create IPUIPlugin
2023-11-12 08:11:53,669 [INFO] PluginManager:220 - loadIPPluginJar : add nvic
2023-11-12 08:11:53,671 [INFO] IPUIPlugin:80 - create IPUIPlugin
2023-11-12 08:11:53,671 [INFO] PluginManager:220 - loadIPPluginJar : add pdm2pcm
2023-11-12 08:11:53,671 [INFO] IPUIPlugin:80 - create IPUIPlugin
2023-11-12 08:11:53,671 [INFO] PluginManager:220 - loadIPPluginJar : add fatfs
2023-11-12 08:11:53,675 [INFO] IPUIPlugin:80 - create IPUIPlugin
2023-11-12 08:11:53,675 [INFO] PluginManager:220 - loadIPPluginJar : add freertos
2023-11-12 08:11:53,677 [INFO] IPUIPlugin:80 - create IPUIPlugin
2023-11-12 08:11:53,677 [INFO] PluginManager:220 - loadIPPluginJar : add lorawan
2023-11-12 08:11:53,680 [INFO] IPUIPlugin:80 - create IPUIPlugin
2023-11-12 08:11:53,680 [INFO] PluginManager:220 - loadIPPluginJar : add gic
2023-11-12 08:11:53,682 [INFO] IPUIPlugin:80 - create IPUIPlugin
2023-11-12 08:11:53,682 [INFO] PluginManager:220 - loadIPPluginJar : add resmgrutility
2023-11-12 08:11:53,685 [INFO] IPUIPlugin:80 - create IPUIPlugin
2023-11-12 08:11:53,687 [INFO] PluginManager:220 - loadIPPluginJar : add plateformsettings
2023-11-12 08:11:53,689 [INFO] IPUIPlugin:80 - create IPUIPlugin
2023-11-12 08:11:53,689 [INFO] PluginManager:220 - loadIPPluginJar : add ipddr
2023-11-12 08:11:53,690 [INFO] IPUIPlugin:80 - create IPUIPlugin
2023-11-12 08:11:53,690 [INFO] PluginManager:220 - loadIPPluginJar : add i2s
2023-11-12 08:11:53,691 [INFO] IPUIPlugin:80 - create IPUIPlugin
2023-11-12 08:11:53,691 [INFO] PluginManager:220 - loadIPPluginJar : add tim
2023-11-12 08:11:53,692 [INFO] IPUIPlugin:80 - create IPUIPlugin
2023-11-12 08:11:53,692 [INFO] PluginManager:220 - loadIPPluginJar : add i2c
2023-11-12 08:11:53,784 [INFO] CADModel:165 - CPN selected for project level
2023-11-12 08:11:53,785 [INFO] CADModel:114 - Register for checkConnection events
2023-11-12 08:11:53,785 [FATAL] Updater:308 - Updater called before beeing initialized
2023-11-12 08:11:53,785 [ERROR] CADModel:125 - Updater not yet initialized, retry later 
2023-11-12 08:11:53,876 [INFO] CADModel:165 - CPN selected for project level
2023-11-12 08:11:53,876 [INFO] CADModel:114 - Register for checkConnection events
2023-11-12 08:11:53,876 [FATAL] Updater:308 - Updater called before beeing initialized
2023-11-12 08:11:53,877 [ERROR] CADModel:125 - Updater not yet initialized, retry later 
2023-11-12 08:11:53,879 [FATAL] Updater:308 - Updater called before beeing initialized
2023-11-12 08:11:53,931 [FATAL] Updater:308 - Updater called before beeing initialized
2023-11-12 08:11:53,935 [INFO] DbMcusAds:53 - JSON generation date=Tue Mar 07 09:50:55 CET 2023 (1678179055335)
2023-11-12 08:11:53,935 [FATAL] Updater:308 - Updater called before beeing initialized
2023-11-12 08:11:53,958 [WARN] DetailPanel:346 - Failed to get advertising image, set to default
2023-11-12 08:11:54,030 [FATAL] Updater:308 - Updater called before beeing initialized
2023-11-12 08:11:54,031 [FATAL] Updater:308 - Updater called before beeing initialized
2023-11-12 08:11:54,031 [FATAL] Updater:308 - Updater called before beeing initialized
2023-11-12 08:11:54,032 [WARN] DetailPanel:346 - Failed to get advertising image, set to default
2023-11-12 08:11:54,032 [FATAL] Updater:308 - Updater called before beeing initialized
2023-11-12 08:11:54,054 [ERROR] Updater:1120 - MainUpdater not yet initialized. External WinMGr cannot be set.
2023-11-12 08:11:54,055 [INFO] Updater:1056 - Updater Version found : 6.9.2
2023-11-12 08:11:54,067 [INFO] ApplicationProperties:184 - Using Application install path: /opt/st/stm32cubeide_1.13.2/plugins/com.st.stm32cube.common.mx_6.9.2.202309101412
2023-11-12 08:11:54,147 [INFO] MainUpdater:2868 - connection check result : 10
2023-11-12 08:11:54,147 [INFO] MainUpdater:285 - Updater Check For Update Now.
2023-11-12 08:11:54,148 [INFO] MicroXplorer:498 - Change Database Version : DB.6.0.92
2023-11-12 08:11:54,151 [INFO] McuFinderGlobals:63 - Set McuFinder mode to 2 (CubeIDE integrated)
2023-11-12 08:11:54,300 [INFO] CheckServerUpdateThread:120 - End of CheckServer Thread
2023-11-12 08:11:56,359 [WARN] PackLoader:240 - Cannot read IP mode file for STMicroelectronics.X-CUBE-SMBUS.2.1.0
2023-11-12 08:11:56,402 [WARN] PackLoader:240 - Cannot read IP mode file for STMicroelectronics.X-CUBE-AZRTOS-F7.1.1.0
2023-11-12 08:11:56,414 [WARN] PackLoader:240 - Cannot read IP mode file for STMicroelectronics.FP-SNS-MOTENV1.4.3.2
2023-11-12 08:11:56,420 [WARN] PackLoader:240 - Cannot read IP mode file for STMicroelectronics.FP-SNS-FLIGHT1.5.0.2
2023-11-12 08:11:56,429 [WARN] PackLoader:240 - Cannot read IP mode file for STMicroelectronics.X-CUBE-DISPLAY.3.0.0
2023-11-12 08:11:56,441 [WARN] PackLoader:240 - Cannot read IP mode file for STMicroelectronics.X-CUBE-BLE1.7.0.0
2023-11-12 08:11:56,445 [WARN] PackLoader:240 - Cannot read IP mode file for emotas.I-CUBE-CANOPEN.1.3.0
2023-11-12 08:11:56,447 [WARN] PackLoader:240 - Cannot read IP mode file for STMicroelectronics.X-CUBE-TOUCHGFX.4.22.1
2023-11-12 08:11:56,449 [WARN] PackLoader:240 - Cannot read IP mode file for STMicroelectronics.FP-SNS-SMARTAG2.1.2.0
2023-11-12 08:11:56,458 [INFO] LogOutputStream:77 - [STDOUT_REDIRECT] 1 : Invalid condition id : UX_CORESTACK_Condition cause : null
2023-11-12 08:11:56,458 [INFO] LogOutputStream:77 - [STDOUT_REDIRECT] 1 : Invalid condition id : UX_CORESTACK_Condition cause : null
2023-11-12 08:11:56,458 [INFO] LogOutputStream:77 - [STDOUT_REDIRECT] 1 : Invalid condition id : UX_CORESTACK_Condition cause : null
2023-11-12 08:11:56,458 [INFO] LogOutputStream:77 - [STDOUT_REDIRECT] 1 : Invalid condition id : UX_CORESTACK_Condition cause : null
2023-11-12 08:11:56,458 [INFO] LogOutputStream:77 - [STDOUT_REDIRECT] 1 : Invalid condition id : UX_CORESTACK_Condition cause : null
2023-11-12 08:11:56,462 [WARN] PackLoader:240 - Cannot read IP mode file for STMicroelectronics.X-CUBE-AZRTOS-WL.2.0.0
2023-11-12 08:11:56,468 [WARN] PackLoader:240 - Cannot read IP mode file for WES.I-CUBE-Cesium.1.3.0
2023-11-12 08:11:56,472 [WARN] PackLoader:240 - Cannot read IP mode file for STMicroelectronics.X-CUBE-BLE2.3.3.0
2023-11-12 08:11:56,476 [WARN] PackLoader:240 - Cannot read IP mode file for STMicroelectronics.X-CUBE-ALGOBUILD.1.3.0
2023-11-12 08:11:56,493 [WARN] PackLoader:240 - Cannot read IP mode file for STMicroelectronics.X-CUBE-AZRTOS-G0.1.1.0
2023-11-12 08:11:56,498 [WARN] PackLoader:240 - Cannot read IP mode file for STMicroelectronics.X-CUBE-NFC4.3.0.0
2023-11-12 08:11:56,507 [WARN] PackLoader:240 - Cannot read IP mode file for STMicroelectronics.X-CUBE-BLEMGR.3.0.0
2023-11-12 08:11:56,511 [WARN] PackLoader:240 - Cannot read IP mode file for STMicroelectronics.FP-ATR-SIGFOX1.3.2.0
2023-11-12 08:11:56,514 [WARN] PackLoader:240 - Cannot read IP mode file for STMicroelectronics.X-CUBE-GNSS1.6.0.0
2023-11-12 08:11:56,531 [WARN] PackLoader:240 - Cannot read IP mode file for STMicroelectronics.X-CUBE-AZRTOS-F4.1.1.0
2023-11-12 08:11:56,537 [WARN] PackLoader:240 - Cannot read IP mode file for wolfSSL.I-CUBE-wolfSSL.5.6.3
2023-11-12 08:11:56,553 [WARN] PackLoader:240 - Cannot read IP mode file for STMicroelectronics.X-CUBE-AZRTOS-L5.2.0.0
2023-11-12 08:11:56,560 [WARN] PackLoader:240 - Cannot read IP mode file for STMicroelectronics.X-CUBE-EEPRMA1.4.2.0
2023-11-12 08:11:56,564 [WARN] PackLoader:240 - Cannot read IP mode file for ITTIA_DB.I-CUBE-ITTIADB.8.8.0
2023-11-12 08:11:56,570 [WARN] PackLoader:240 - Cannot read IP mode file for STMicroelectronics.X-CUBE-BLEMGR.2.0.0
2023-11-12 08:11:56,587 [WARN] ConditionMgr:438 - getConditionDescription Invalid condition id : UX DEVICE CLASS RTOS Condition cause : null
2023-11-12 08:11:56,587 [WARN] ConditionMgr:438 - getConditionDescription Invalid condition id : UX DEVICE CLASS RTOS Condition cause : null
2023-11-12 08:11:56,590 [WARN] PackLoader:240 - Cannot read IP mode file for STMicroelectronics.X-CUBE-AZRTOS-H7.3.1.0
2023-11-12 08:11:56,591 [WARN] ConditionMgr:1039 - genDependencies : Invalid condition id : UX DEVICE CLASS RTOS Condition cause : null
2023-11-12 08:11:56,591 [WARN] ConditionMgr:1039 - genDependencies : Invalid condition id : UX DEVICE CLASS RTOS Condition cause : null
2023-11-12 08:11:56,592 [WARN] ConditionMgr:1039 - genDependencies : Invalid condition id : UX DEVICE CLASS RTOS Condition cause : null
2023-11-12 08:11:56,592 [WARN] ConditionMgr:1039 - genDependencies : Invalid condition id : UX DEVICE CLASS RTOS Condition cause : null
2023-11-12 08:11:56,592 [WARN] ConditionMgr:1039 - genDependencies : Invalid condition id : UX DEVICE CLASS RTOS Condition cause : null
2023-11-12 08:11:56,596 [WARN] PackLoader:240 - Cannot read IP mode file for STMicroelectronics.X-CUBE-NFC7.1.0.1
2023-11-12 08:11:56,601 [WARN] PackLoader:240 - Cannot read IP mode file for STMicroelectronics.X-CUBE-NFC6.3.0.0
2023-11-12 08:11:56,604 [WARN] PackLoader:240 - Cannot read IP mode file for STMicroelectronics.X-CUBE-AI.8.1.0
2023-11-12 08:11:56,618 [WARN] ConditionMgr:438 - getConditionDescription Invalid condition id : LAN8742 Phy interface Condition cause : null
2023-11-12 08:11:56,618 [WARN] PackLoader:240 - Cannot read IP mode file for STMicroelectronics.X-CUBE-AZRTOS-L4.2.0.0
2023-11-12 08:11:56,619 [WARN] ConditionMgr:1039 - genDependencies : Invalid condition id : LAN8742 Phy interface Condition cause : null
2023-11-12 08:11:56,619 [WARN] ConditionMgr:1039 - genDependencies : Invalid condition id : LAN8742 Phy interface Condition cause : null
2023-11-12 08:11:56,620 [WARN] ConditionMgr:1039 - genDependencies : Invalid condition id : LAN8742 Phy interface Condition cause : null
2023-11-12 08:11:56,625 [WARN] PackLoader:240 - Cannot read IP mode file for STMicroelectronics.X-CUBE-SFXS2LP1.4.0.0
2023-11-12 08:11:56,628 [WARN] PackLoader:240 - Cannot read IP mode file for STMicroelectronics.X-CUBE-ISPU.1.1.0
2023-11-12 08:11:56,637 [WARN] ConditionMgr:438 - getConditionDescription Invalid condition id : UX DEVICE CLASS RTOS Condition cause : null
2023-11-12 08:11:56,637 [WARN] ConditionMgr:438 - getConditionDescription Invalid condition id : UX DEVICE CLASS RTOS Condition cause : null
2023-11-12 08:11:56,639 [WARN] PackLoader:240 - Cannot read IP mode file for STMicroelectronics.X-CUBE-AZRTOS-WB.2.0.0
2023-11-12 08:11:56,639 [WARN] ConditionMgr:1039 - genDependencies : Invalid condition id : UX DEVICE CLASS RTOS Condition cause : null
2023-11-12 08:11:56,639 [WARN] ConditionMgr:1039 - genDependencies : Invalid condition id : UX DEVICE CLASS RTOS Condition cause : null
2023-11-12 08:11:56,639 [WARN] ConditionMgr:1039 - genDependencies : Invalid condition id : UX DEVICE CLASS RTOS Condition cause : null
2023-11-12 08:11:56,640 [WARN] ConditionMgr:1039 - genDependencies : Invalid condition id : UX DEVICE CLASS RTOS Condition cause : null
2023-11-12 08:11:56,640 [WARN] ConditionMgr:1039 - genDependencies : Invalid condition id : UX DEVICE CLASS RTOS Condition cause : null
2023-11-12 08:11:56,649 [WARN] PackLoader:240 - Cannot read IP mode file for STMicroelectronics.X-CUBE-SUBG2.5.0.0
2023-11-12 08:11:56,663 [WARN] PackLoader:240 - Cannot read IP mode file for STMicroelectronics.X-CUBE-TOF1.3.3.1
2023-11-12 08:11:56,693 [WARN] PackLoader:240 - Cannot read IP mode file for STMicroelectronics.X-CUBE-AZRTOS-G4.2.0.0
2023-11-12 08:11:56,708 [WARN] PackLoader:240 - Cannot read IP mode file for Infineon.AIROC-Wi-Fi-Bluetooth-STM32.1.5.1
2023-11-12 08:11:56,739 [WARN] PackLoader:240 - Cannot read IP mode file for STMicroelectronics.X-CUBE-MEMS1.10.0.0
2023-11-12 08:11:56,831 [WARN] PackLoader:240 - Cannot read IP mode file for STMicroelectronics.X-CUBE-FREERTOS.1.1.0
2023-11-12 08:11:56,834 [WARN] PackLoader:240 - Cannot read IP mode file for portGmbH.I-Cube-SoM-uGOAL.1.1.0
2023-11-12 08:11:56,836 [WARN] PackLoader:240 - Cannot read IP mode file for STMicroelectronics.X-CUBE-ALS.1.0.1
2023-11-12 08:11:56,838 [WARN] PackLoader:240 - Cannot read IP mode file for STMicroelectronics.FP-ATR-ASTRA1.2.0.0
2023-11-12 08:11:56,839 [INFO] ThirdParty:978 - Integrity check success = true
2023-11-12 08:11:56,839 [INFO] IntegrityCheckThread:100 - exiting critical section [integrity check]
2023-11-12 08:11:56,839 [INFO] IntegrityCheckThread:103 - End integrity checks thread
2023-11-12 08:11:59,676 [INFO] McuFinderGlobals:63 - Set McuFinder mode to 2 (CubeIDE integrated)
2023-11-12 08:11:59,678 [INFO] MainUpdater:2868 - connection check result : 10
2023-11-12 08:11:59,943 [INFO] ApiDb:581 - Connected to CubeFinder SQLite database (/home/vakrapeci/.stmcufinder/plugins/mcufinder/mcu/cube-finder-db.db)
2023-11-12 08:11:59,999 [INFO] ApiDb:668 - CubeFinder database Data Model version=2.1
2023-11-12 08:11:59,999 [INFO] ApiDb:669 - CubeFinder database Configuration version=3.0.37
2023-11-12 08:11:59,999 [INFO] ApiDb:670 - CubeFinder database generation date=2023-10-13 (1697197505)
2023-11-12 08:11:59,999 [INFO] ApiDb:671 - CubeFinder database FW Pack versions=[FP-ATR-ASTRA1_V2.0.0, FP-SNS-FLIGHT1_V5.0.1, FP-SNS-FLIGHT1_V5.0.2, FP-SNS-MOTENV1_V4.3.1, FP-SNS-MOTENV1_V4.3.2, FP-SNS-SMARTAG2_V1.2.0, I-CUBE-ITTIADB_V8.6.3-1, STM32Cube_FW_C0_V1.1.0, STM32Cube_FW_F4_V1.27.1, STM32Cube_FW_F7_V1.17.0, STM32Cube_FW_G0_V1.6.1, STM32Cube_FW_G4_V1.5.1, STM32Cube_FW_H5_V0.5.1, STM32Cube_FW_H5_V1.1.1, STM32Cube_FW_H7_V1.11.0, STM32Cube_FW_L0_V1.12.2, STM32Cube_FW_L5_V1.5.0, STM32Cube_FW_U5_V1.3.0, STM32Cube_FW_U5_V1.3.0RC4, STM32Cube_FW_WBA_V1.0.0RC1, STM32Cube_FW_WBA_V1.1.0RC1, STM32Cube_FW_WBA_V1.1.1, STM32Cube_FW_WB_V1.15.0RC1, STM32Cube_FW_WB_V1.16.0, STM32Cube_FW_WB_V1.16.0RC2, STM32Cube_FW_WB_V1.17.3, STM32Cube_FW_WL_V1.3.0, X-CUBE-ALGOBUILD_V1.3.0, X-CUBE-ALS_V1.0.1, X-CUBE-AZRTOS-F4_V1.1.0, X-CUBE-AZRTOS-F7_V1.1.0, X-CUBE-AZRTOS-G0_V1.1.0, X-CUBE-AZRTOS-G4_V2.0.0, X-CUBE-AZRTOS-H7_V3.1.0, X-CUBE-AZRTOS-L4_V1.0.0, X-CUBE-AZRTOS-L4_V2.0.0, X-CUBE-AZRTOS-L5_V1.1.0, X-CUBE-AZRTOS-WB_V2.0.0, X-CUBE-AZRTOS-WL_V2.0.0, X-CUBE-BLE1_V7.0.0, X-CUBE-BLE2_V3.3.0, X-CUBE-BLEMGR_V2.0.0, X-CUBE-EEPRMA1_V4.1.0, X-CUBE-FREERTOS_V1.1.0, X-CUBE-GNSS1_V6.0.0, X-CUBE-MEMS1_V10.0.0, X-CUBE-MEMS1_V9.1.0, X-CUBE-MEMS1_V9.4.0, X-CUBE-MEMS1_V9.6.0, X-CUBE-NFC4_V3.0.0, X-CUBE-NFC7_V1.0.1, X-CUBE-SFXS2LP1_V4.0.0, X-CUBE-SUBG2_V5.0.0, X-CUBE-TOF1_V3.3.1]
2023-11-12 08:12:00,058 [INFO] DbBoardsSqlite:226 - include board P-NUCLEO-WB55-NUCLEO as a kit item of type 'Nucleo-64'
2023-11-12 08:12:00,058 [INFO] DbBoardsSqlite:226 - include board P-NUCLEO-WB55-USBDONGLE as a kit item of type 'Nucleo USB Dongle'
2023-11-12 08:12:00,059 [INFO] DbBoardsSqlite:226 - include board STEVAL-IDP005V1 as a kit item of type 'Evaluation Board'
2023-11-12 08:12:00,059 [INFO] DbBoardsSqlite:226 - include board STEVAL-IDP005V2 as a kit item of type 'Evaluation Board'
2023-11-12 08:12:00,170 [INFO] ApiDb:240 - Found 323 in-development CPN: [B-G473E-ZEST1S, B-WB1M-WPAN1, B-WL5M-SUBG1, NUCLEO-C031C6, NUCLEO-H503RB, NUCLEO-H563ZI, NUCLEO-U545RE-Q, NUCLEO-U5A5ZJ-Q, NUCLEO-WBA52CG, STEVAL-PROTEUS1, STEVAL-SMARTAG2, STEVAL-STWINBX1, STM320518-EVAL, STM32C0116-DK, STM32C011D6Y3TR, STM32C011D6Y6TR, STM32C011F4P3, STM32C011F4P6, STM32C011F4U3, STM32C011F4U6TR, STM32C011F6P3, STM32C011F6P6, STM32C011F6U3, STM32C011F6U6TR, STM32C011J4M3, STM32C011J4M6, STM32C011J6M3, STM32C011J6M6, STM32C0316-DK, STM32C031C4T3, STM32C031C4T6, STM32C031C4U3, STM32C031C4U6, STM32C031C6T3, STM32C031C6T6, STM32C031C6U3, STM32C031C6U6, STM32C031F4P3, STM32C031F4P6, STM32C031F6P3, STM32C031F6P6, STM32C031G4U3, STM32C031G4U6, STM32C031G6U3, STM32C031G6U6, STM32C031K4T3, STM32C031K4T6, STM32C031K4U3, STM32C031K4U6, STM32C031K6T3, STM32C031K6T6, STM32C031K6U3, STM32C031K6U6, STM32G071K8TXN, STM32G071K8UXN, STM32G081GBU6N, STM32G081KBT6N, STM32G081KBUXN, STM32G0B1CCT6N, STM32G0B1KCT6, STM32G0B1NEY6TR, STM32G0B1RCT6N, STM32G0C1CCT6, STM32G0C1CCT6N, STM32G0C1CCU6N, STM32G0C1CET6N, STM32G0C1CEU6N, STM32G0C1KCT6, STM32G0C1NEY6TR, STM32G0C1RCI6N, STM32G0C1RCT6N, STM32G0C1REI6N, STM32G0C1RET6N, STM32G0C1VCI6, STM32G0C1VEI6, STM32G471CCT6, STM32G471CCU6, STM32G471CET3, STM32G471CET6, STM32G471CEU3, STM32G471CEU6, STM32G471MCT6, STM32G471MET3, STM32G471MET6, STM32G471MEY6TR, STM32G471QCT6, STM32G471QET3, STM32G471RCT6, STM32G471RET3, STM32G471RET6, STM32G471VCH6, STM32G471VCI6, STM32G471VCT6, STM32G471VEH3, STM32G471VEH6, STM32G471VEI3, STM32G471VEI6, STM32G471VET3, STM32G471VET6, STM32G474CCT6, STM32H503CBT6, STM32H503CBU6, STM32H503EBY6TR, STM32H503KBU6, STM32H503RBT6, STM32H562AGI6, STM32H562AII6, STM32H562IGK6, STM32H562IGT6, STM32H562IIK6, STM32H562IIT6, STM32H562RGT6, STM32H562RGV6, STM32H562RIT6, STM32H562RIV6, STM32H562VGT6, STM32H562VIT6, STM32H562ZGT6, STM32H562ZIT6, STM32H563AGI6, STM32H563AII3Q, STM32H563AII6, STM32H563IGK6, STM32H563IGT6, STM32H563IIK3Q, STM32H563IIK6, STM32H563IIT3Q, STM32H563IIT6, STM32H563MIY3QTR, STM32H563RGT6, STM32H563RGV6, STM32H563RIT6, STM32H563RIV6, STM32H563VGT6, STM32H563VIT3Q, STM32H563VIT6, STM32H563ZGT6, STM32H563ZIT3Q, STM32H563ZIT6, STM32H573AII3Q, STM32H573AII6, STM32H573I-DK, STM32H573IIK3Q, STM32H573IIK6, STM32H573IIT3Q, STM32H573IIT6, STM32H573MIY3QTR, STM32H573RIT6, STM32H573RIV6, STM32H573VIT3Q, STM32H573VIT6, STM32H573ZIT3Q, STM32H573ZIT6, STM32L4R5QGI6STR, STM32MP131AAE3, STM32MP131AAF3, STM32MP131AAG3, STM32MP131CAE3, STM32MP131CAF3, STM32MP131CAG3, STM32MP131DAE7, STM32MP131DAF7, STM32MP131DAG7, STM32MP131FAE7, STM32MP131FAF7, STM32MP131FAG7, STM32MP133AAE3, STM32MP133AAF3, STM32MP133AAG3, STM32MP133CAE3, STM32MP133CAF3, STM32MP133CAG3, STM32MP133DAE7, STM32MP133DAF7, STM32MP133DAG7, STM32MP133FAE7, STM32MP133FAF7, STM32MP133FAG7, STM32MP135AAE3, STM32MP135AAF3, STM32MP135AAG3, STM32MP135CAE3, STM32MP135CAF3, STM32MP135CAG3, STM32MP135DAE7, STM32MP135DAF7, STM32MP135DAG7, STM32MP135F-DK, STM32MP135FAE7, STM32MP135FAF7, STM32MP135FAF7T, STM32MP135FAF7U, STM32MP135FAG7, STM32U535CBT6, STM32U535CBT6Q, STM32U535CBU6, STM32U535CBU6Q, STM32U535CCT6, STM32U535CCT6Q, STM32U535CCU6, STM32U535CCU6Q, STM32U535CET6, STM32U535CET6Q, STM32U535CEU6, STM32U535CEU6Q, STM32U535JEY6QTR, STM32U535NCY6QTR, STM32U535NEY6QTR, STM32U535RBI6, STM32U535RBI6Q, STM32U535RBT6, STM32U535RBT6Q, STM32U535RCI6, STM32U535RCI6Q, STM32U535RCT6, STM32U535RCT6Q, STM32U535REI6, STM32U535REI6Q, STM32U535RET6, STM32U535RET6Q, STM32U535VCI6, STM32U535VCI6Q, STM32U535VCT6, STM32U535VCT6Q, STM32U535VEI6, STM32U535VEI6Q, STM32U535VET6, STM32U535VET6Q, STM32U545CET6, STM32U545CET6Q, STM32U545CEU6, STM32U545CEU6Q, STM32U545JEY6QTR, STM32U545NEY6QTR, STM32U545REI6, STM32U545REI6Q, STM32U545RET6, STM32U545RET6Q, STM32U545VEI6, STM32U545VEI6Q, STM32U545VET6, STM32U545VET6Q, STM32U595AIH6, STM32U595AIH6Q, STM32U595AJH6, STM32U595AJH6Q, STM32U595QII6, STM32U595QII6Q, STM32U595QJI6, STM32U595QJI6Q, STM32U595RIT6, STM32U595RIT6Q, STM32U595RJT6, STM32U595RJT6Q, STM32U595VIT6, STM32U595VIT6Q, STM32U595VJT6, STM32U595VJT6Q, STM32U595ZIT6, STM32U595ZIT6Q, STM32U595ZIY6QTR, STM32U595ZJT6, STM32U595ZJT6Q, STM32U595ZJY6QTR, STM32U599BJY6QTR, STM32U599NIH6Q, STM32U599NJH6Q, STM32U599VIT6Q, STM32U599VJT6, STM32U599VJT6Q, STM32U599ZIT6Q, STM32U599ZIY6QTR, STM32U599ZJT6Q, STM32U599ZJY6QTR, STM32U5A5AJH6, STM32U5A5AJH6Q, STM32U5A5QJI6, STM32U5A5QJI6Q, STM32U5A5RJT6, STM32U5A5RJT6Q, STM32U5A5VJT6, STM32U5A5VJT6Q, STM32U5A5ZJT6, STM32U5A5ZJT6Q, STM32U5A5ZJY6QTR, STM32U5A9BJY6QTR, STM32U5A9J-DK, STM32U5A9NJH6Q, STM32U5A9VJT6Q, STM32U5A9ZJT6Q, STM32U5A9ZJY6QTR, STM32U5F7VIT6, STM32U5F7VIT6Q, STM32U5F7VJT6, STM32U5F7VJT6Q, STM32U5F9BJY6QTR, STM32U5F9NJH6Q, STM32U5F9VIT6Q, STM32U5F9VJT6Q, STM32U5F9ZIJ6QTR, STM32U5F9ZIT6Q, STM32U5F9ZJJ6QTR, STM32U5F9ZJT6Q, STM32U5G7VJT6, STM32U5G7VJT6Q, STM32U5G9BJY6QTR, STM32U5G9J-DK1, STM32U5G9J-DK2, STM32U5G9NJH6Q, STM32U5G9VJT6Q, STM32U5G9ZJJ6QTR, STM32U5G9ZJT6Q, STM32WB1MMCH6, STM32WBA52CEU6, STM32WBA52CEU6T, STM32WBA52CGU6, STM32WBA52CGU6T, STM32WBA52KEU6, STM32WBA52KEU6T, STM32WBA52KGU6, STM32WBA52KGU6T, STM32WL5MOCH6, STM32WL5MOCH6TR]
2023-11-12 08:12:00,236 [INFO] BoardInfo:880 - No configuration file found for board P-NUCLEO-WB55
2023-11-12 08:12:00,236 [INFO] DbBoards:157 - Kit is not supported: P-NUCLEO-WB55
2023-11-12 08:12:00,239 [INFO] BoardInfo:880 - No configuration file found for board STEVAL-BFA001V1B
2023-11-12 08:12:00,239 [INFO] DbBoards:157 - Kit is not supported: STEVAL-BFA001V1B
2023-11-12 08:12:00,240 [INFO] BoardInfo:880 - No configuration file found for board STEVAL-BFA001V2B
2023-11-12 08:12:00,240 [INFO] DbBoards:157 - Kit is not supported: STEVAL-BFA001V2B
2023-11-12 08:12:00,308 [INFO] DbBoards:161 - Found 190 boards, 187 are supported
2023-11-12 08:12:00,310 [INFO] ApiDb:668 - CubeFinder database Data Model version=2.1
2023-11-12 08:12:00,310 [INFO] ApiDb:669 - CubeFinder database Configuration version=3.0.37
2023-11-12 08:12:00,310 [INFO] ApiDb:670 - CubeFinder database generation date=2023-10-13 (1697197505)
2023-11-12 08:12:00,310 [INFO] ApiDb:671 - CubeFinder database FW Pack versions=[FP-ATR-ASTRA1_V2.0.0, FP-SNS-FLIGHT1_V5.0.1, FP-SNS-FLIGHT1_V5.0.2, FP-SNS-MOTENV1_V4.3.1, FP-SNS-MOTENV1_V4.3.2, FP-SNS-SMARTAG2_V1.2.0, I-CUBE-ITTIADB_V8.6.3-1, STM32Cube_FW_C0_V1.1.0, STM32Cube_FW_F4_V1.27.1, STM32Cube_FW_F7_V1.17.0, STM32Cube_FW_G0_V1.6.1, STM32Cube_FW_G4_V1.5.1, STM32Cube_FW_H5_V0.5.1, STM32Cube_FW_H5_V1.1.1, STM32Cube_FW_H7_V1.11.0, STM32Cube_FW_L0_V1.12.2, STM32Cube_FW_L5_V1.5.0, STM32Cube_FW_U5_V1.3.0, STM32Cube_FW_U5_V1.3.0RC4, STM32Cube_FW_WBA_V1.0.0RC1, STM32Cube_FW_WBA_V1.1.0RC1, STM32Cube_FW_WBA_V1.1.1, STM32Cube_FW_WB_V1.15.0RC1, STM32Cube_FW_WB_V1.16.0, STM32Cube_FW_WB_V1.16.0RC2, STM32Cube_FW_WB_V1.17.3, STM32Cube_FW_WL_V1.3.0, X-CUBE-ALGOBUILD_V1.3.0, X-CUBE-ALS_V1.0.1, X-CUBE-AZRTOS-F4_V1.1.0, X-CUBE-AZRTOS-F7_V1.1.0, X-CUBE-AZRTOS-G0_V1.1.0, X-CUBE-AZRTOS-G4_V2.0.0, X-CUBE-AZRTOS-H7_V3.1.0, X-CUBE-AZRTOS-L4_V1.0.0, X-CUBE-AZRTOS-L4_V2.0.0, X-CUBE-AZRTOS-L5_V1.1.0, X-CUBE-AZRTOS-WB_V2.0.0, X-CUBE-AZRTOS-WL_V2.0.0, X-CUBE-BLE1_V7.0.0, X-CUBE-BLE2_V3.3.0, X-CUBE-BLEMGR_V2.0.0, X-CUBE-EEPRMA1_V4.1.0, X-CUBE-FREERTOS_V1.1.0, X-CUBE-GNSS1_V6.0.0, X-CUBE-MEMS1_V10.0.0, X-CUBE-MEMS1_V9.1.0, X-CUBE-MEMS1_V9.4.0, X-CUBE-MEMS1_V9.6.0, X-CUBE-NFC4_V3.0.0, X-CUBE-NFC7_V1.0.1, X-CUBE-SFXS2LP1_V4.0.0, X-CUBE-SUBG2_V5.0.0, X-CUBE-TOF1_V3.3.1]
2023-11-12 08:12:01,932 [INFO] ApiDb:240 - Found 323 in-development CPN: [B-G473E-ZEST1S, B-WB1M-WPAN1, B-WL5M-SUBG1, NUCLEO-C031C6, NUCLEO-H503RB, NUCLEO-H563ZI, NUCLEO-U545RE-Q, NUCLEO-U5A5ZJ-Q, NUCLEO-WBA52CG, STEVAL-PROTEUS1, STEVAL-SMARTAG2, STEVAL-STWINBX1, STM320518-EVAL, STM32C0116-DK, STM32C011D6Y3TR, STM32C011D6Y6TR, STM32C011F4P3, STM32C011F4P6, STM32C011F4U3, STM32C011F4U6TR, STM32C011F6P3, STM32C011F6P6, STM32C011F6U3, STM32C011F6U6TR, STM32C011J4M3, STM32C011J4M6, STM32C011J6M3, STM32C011J6M6, STM32C0316-DK, STM32C031C4T3, STM32C031C4T6, STM32C031C4U3, STM32C031C4U6, STM32C031C6T3, STM32C031C6T6, STM32C031C6U3, STM32C031C6U6, STM32C031F4P3, STM32C031F4P6, STM32C031F6P3, STM32C031F6P6, STM32C031G4U3, STM32C031G4U6, STM32C031G6U3, STM32C031G6U6, STM32C031K4T3, STM32C031K4T6, STM32C031K4U3, STM32C031K4U6, STM32C031K6T3, STM32C031K6T6, STM32C031K6U3, STM32C031K6U6, STM32G071K8TXN, STM32G071K8UXN, STM32G081GBU6N, STM32G081KBT6N, STM32G081KBUXN, STM32G0B1CCT6N, STM32G0B1KCT6, STM32G0B1NEY6TR, STM32G0B1RCT6N, STM32G0C1CCT6, STM32G0C1CCT6N, STM32G0C1CCU6N, STM32G0C1CET6N, STM32G0C1CEU6N, STM32G0C1KCT6, STM32G0C1NEY6TR, STM32G0C1RCI6N, STM32G0C1RCT6N, STM32G0C1REI6N, STM32G0C1RET6N, STM32G0C1VCI6, STM32G0C1VEI6, STM32G471CCT6, STM32G471CCU6, STM32G471CET3, STM32G471CET6, STM32G471CEU3, STM32G471CEU6, STM32G471MCT6, STM32G471MET3, STM32G471MET6, STM32G471MEY6TR, STM32G471QCT6, STM32G471QET3, STM32G471RCT6, STM32G471RET3, STM32G471RET6, STM32G471VCH6, STM32G471VCI6, STM32G471VCT6, STM32G471VEH3, STM32G471VEH6, STM32G471VEI3, STM32G471VEI6, STM32G471VET3, STM32G471VET6, STM32G474CCT6, STM32H503CBT6, STM32H503CBU6, STM32H503EBY6TR, STM32H503KBU6, STM32H503RBT6, STM32H562AGI6, STM32H562AII6, STM32H562IGK6, STM32H562IGT6, STM32H562IIK6, STM32H562IIT6, STM32H562RGT6, STM32H562RGV6, STM32H562RIT6, STM32H562RIV6, STM32H562VGT6, STM32H562VIT6, STM32H562ZGT6, STM32H562ZIT6, STM32H563AGI6, STM32H563AII3Q, STM32H563AII6, STM32H563IGK6, STM32H563IGT6, STM32H563IIK3Q, STM32H563IIK6, STM32H563IIT3Q, STM32H563IIT6, STM32H563MIY3QTR, STM32H563RGT6, STM32H563RGV6, STM32H563RIT6, STM32H563RIV6, STM32H563VGT6, STM32H563VIT3Q, STM32H563VIT6, STM32H563ZGT6, STM32H563ZIT3Q, STM32H563ZIT6, STM32H573AII3Q, STM32H573AII6, STM32H573I-DK, STM32H573IIK3Q, STM32H573IIK6, STM32H573IIT3Q, STM32H573IIT6, STM32H573MIY3QTR, STM32H573RIT6, STM32H573RIV6, STM32H573VIT3Q, STM32H573VIT6, STM32H573ZIT3Q, STM32H573ZIT6, STM32L4R5QGI6STR, STM32MP131AAE3, STM32MP131AAF3, STM32MP131AAG3, STM32MP131CAE3, STM32MP131CAF3, STM32MP131CAG3, STM32MP131DAE7, STM32MP131DAF7, STM32MP131DAG7, STM32MP131FAE7, STM32MP131FAF7, STM32MP131FAG7, STM32MP133AAE3, STM32MP133AAF3, STM32MP133AAG3, STM32MP133CAE3, STM32MP133CAF3, STM32MP133CAG3, STM32MP133DAE7, STM32MP133DAF7, STM32MP133DAG7, STM32MP133FAE7, STM32MP133FAF7, STM32MP133FAG7, STM32MP135AAE3, STM32MP135AAF3, STM32MP135AAG3, STM32MP135CAE3, STM32MP135CAF3, STM32MP135CAG3, STM32MP135DAE7, STM32MP135DAF7, STM32MP135DAG7, STM32MP135F-DK, STM32MP135FAE7, STM32MP135FAF7, STM32MP135FAF7T, STM32MP135FAF7U, STM32MP135FAG7, STM32U535CBT6, STM32U535CBT6Q, STM32U535CBU6, STM32U535CBU6Q, STM32U535CCT6, STM32U535CCT6Q, STM32U535CCU6, STM32U535CCU6Q, STM32U535CET6, STM32U535CET6Q, STM32U535CEU6, STM32U535CEU6Q, STM32U535JEY6QTR, STM32U535NCY6QTR, STM32U535NEY6QTR, STM32U535RBI6, STM32U535RBI6Q, STM32U535RBT6, STM32U535RBT6Q, STM32U535RCI6, STM32U535RCI6Q, STM32U535RCT6, STM32U535RCT6Q, STM32U535REI6, STM32U535REI6Q, STM32U535RET6, STM32U535RET6Q, STM32U535VCI6, STM32U535VCI6Q, STM32U535VCT6, STM32U535VCT6Q, STM32U535VEI6, STM32U535VEI6Q, STM32U535VET6, STM32U535VET6Q, STM32U545CET6, STM32U545CET6Q, STM32U545CEU6, STM32U545CEU6Q, STM32U545JEY6QTR, STM32U545NEY6QTR, STM32U545REI6, STM32U545REI6Q, STM32U545RET6, STM32U545RET6Q, STM32U545VEI6, STM32U545VEI6Q, STM32U545VET6, STM32U545VET6Q, STM32U595AIH6, STM32U595AIH6Q, STM32U595AJH6, STM32U595AJH6Q, STM32U595QII6, STM32U595QII6Q, STM32U595QJI6, STM32U595QJI6Q, STM32U595RIT6, STM32U595RIT6Q, STM32U595RJT6, STM32U595RJT6Q, STM32U595VIT6, STM32U595VIT6Q, STM32U595VJT6, STM32U595VJT6Q, STM32U595ZIT6, STM32U595ZIT6Q, STM32U595ZIY6QTR, STM32U595ZJT6, STM32U595ZJT6Q, STM32U595ZJY6QTR, STM32U599BJY6QTR, STM32U599NIH6Q, STM32U599NJH6Q, STM32U599VIT6Q, STM32U599VJT6, STM32U599VJT6Q, STM32U599ZIT6Q, STM32U599ZIY6QTR, STM32U599ZJT6Q, STM32U599ZJY6QTR, STM32U5A5AJH6, STM32U5A5AJH6Q, STM32U5A5QJI6, STM32U5A5QJI6Q, STM32U5A5RJT6, STM32U5A5RJT6Q, STM32U5A5VJT6, STM32U5A5VJT6Q, STM32U5A5ZJT6, STM32U5A5ZJT6Q, STM32U5A5ZJY6QTR, STM32U5A9BJY6QTR, STM32U5A9J-DK, STM32U5A9NJH6Q, STM32U5A9VJT6Q, STM32U5A9ZJT6Q, STM32U5A9ZJY6QTR, STM32U5F7VIT6, STM32U5F7VIT6Q, STM32U5F7VJT6, STM32U5F7VJT6Q, STM32U5F9BJY6QTR, STM32U5F9NJH6Q, STM32U5F9VIT6Q, STM32U5F9VJT6Q, STM32U5F9ZIJ6QTR, STM32U5F9ZIT6Q, STM32U5F9ZJJ6QTR, STM32U5F9ZJT6Q, STM32U5G7VJT6, STM32U5G7VJT6Q, STM32U5G9BJY6QTR, STM32U5G9J-DK1, STM32U5G9J-DK2, STM32U5G9NJH6Q, STM32U5G9VJT6Q, STM32U5G9ZJJ6QTR, STM32U5G9ZJT6Q, STM32WB1MMCH6, STM32WBA52CEU6, STM32WBA52CEU6T, STM32WBA52CGU6, STM32WBA52CGU6T, STM32WBA52KEU6, STM32WBA52KEU6T, STM32WBA52KGU6, STM32WBA52KGU6T, STM32WL5MOCH6, STM32WL5MOCH6TR]
2023-11-12 08:12:01,936 [INFO] DbMcus:217 - Found 3848 MCUs, 3848 are supported
2023-11-12 08:12:01,936 [INFO] ApiDb:423 - Load user favorites file /home/vakrapeci/.stm32cubeide/favorites.mcus.txt: 0 item(s)
2023-11-12 08:12:01,936 [INFO] ApiDb:427 - User favorites MCUs=[]
2023-11-12 08:12:01,936 [INFO] DbMcus:223 - Set 0 / 0 favorites MCUs
2023-11-12 08:12:02,138 [INFO] ApiDb:423 - Load user favorites file /home/vakrapeci/.stm32cubeide/favorites.boards.txt: 1 item(s)
2023-11-12 08:12:02,138 [INFO] ApiDb:427 - User favorites Boards=[NUCLEO-H7A3ZI-Q]
2023-11-12 08:12:02,138 [INFO] DbBoards:190 - Set 1 / 1 favorites Boards
2023-11-12 08:12:02,138 [INFO] McuFinderGlobals:76 - Set McuFinderConnectedMode to true
2023-11-12 08:12:02,143 [INFO] MultiScanPanel:200 - Auto-refresh data requested => check proxy status ongoing
2023-11-12 08:12:02,144 [INFO] FinderPluginLoader:95 - Searching for filters in installed packs
2023-11-12 08:12:03,221 [INFO] LoadUrlFilesThread:185 - End of LoadServerUrlFiles without Thread
2023-11-12 08:12:03,226 [INFO] DetailPanel:341 - Set advertising image to /home/vakrapeci/STM32Cube/Repository//en.prom-stm32h5-mcu-finder.jpg
2023-11-12 08:12:08,795 [INFO] McuFinderGlobals:76 - Set McuFinderConnectedMode to true
2023-11-12 08:12:08,918 [INFO] ApiDb:448 - Save user favorites file /home/vakrapeci/.stm32cubeide/favorites.mcus.txt: 0 item(s)
2023-11-12 08:12:08,918 [INFO] ApiDb:452 - User favorites MCUs=[]
2023-11-12 08:12:09,888 [INFO] MainUpdater:2868 - connection check result : 10
2023-11-12 08:12:10,051 [INFO] McuFinderGlobals:76 - Set McuFinderConnectedMode to true
2023-11-12 08:12:10,051 [INFO] MultiScanPanel:200 - Auto-refresh data requested => check proxy status ongoing
2023-11-12 08:12:10,051 [INFO] FinderPluginLoader:95 - Searching for filters in installed packs
2023-11-12 08:12:10,647 [INFO] LoadUrlFilesThread:185 - End of LoadServerUrlFiles without Thread
2023-11-12 08:12:10,647 [INFO] DetailPanel:341 - Set advertising image to /home/vakrapeci/STM32Cube/Repository//en.prom-stm32h5-mcu-finder.jpg
2023-11-12 08:12:14,917 [ERROR] LogOutputStream:75 - [STDERR_REDIRECT] SLF4J: Failed to load class "org.slf4j.impl.StaticLoggerBinder".
2023-11-12 08:12:14,918 [ERROR] LogOutputStream:75 - [STDERR_REDIRECT] SLF4J: Defaulting to no-operation (NOP) logger implementation
2023-11-12 08:12:14,918 [ERROR] LogOutputStream:75 - [STDERR_REDIRECT] SLF4J: See http://www.slf4j.org/codes.html#StaticLoggerBinder for further details.
2023-11-12 08:14:10,048 [INFO] MainUpdater:2868 - connection check result : 10
2023-11-12 08:14:10,048 [INFO] MainUpdater:2868 - connection check result : 10
2023-11-12 08:14:10,058 [INFO] MicroXplorer:468 - Change Database Path : 
2023-11-12 08:14:10,058 [INFO] MicroXplorer:498 - Change Database Version : DB.6.0.92
2023-11-12 08:14:10,061 [WARN] ThirdParty:871 - waiting for thirdparty lock release [close project]
2023-11-12 08:14:10,061 [INFO] ThirdParty:873 - entering critical section [close project]
2023-11-12 08:14:10,061 [INFO] ThirdParty:883 - exiting critical section [close project]
2023-11-12 08:14:10,063 [INFO] PinOutPanel:1499 - setPackage(No Configuration,No Configuration)
2023-11-12 08:14:10,068 [INFO] UtilMem:75 - Begin LoadConfig() Used Memory: 722099104 Bytes (945815552)
2023-11-12 08:14:10,069 [INFO] MicroXplorer:468 - Change Database Path : 
2023-11-12 08:14:10,069 [INFO] MicroXplorer:498 - Change Database Version : DB.6.0.92
2023-11-12 08:14:10,069 [INFO] OpenFileManager:308 - Change cursor
2023-11-12 08:14:10,090 [INFO] Mcu:1946 - Initializing MCU STM32H7A3Z(G-I)TxQ STM32H7A3ZITxQ STM32H7A3ZIT6Q
2023-11-12 08:14:12,007 [INFO] Context:659 - Trying to add GPIOservice into a context  which must be forbidden
2023-11-12 08:14:12,807 [INFO] RtosManager:555 - Registered RTOS mode: class=CMSIS, group=RTOS, mode=CMSIS_V1, owner=FREERTOS
2023-11-12 08:14:12,807 [INFO] RtosManager:555 - Registered RTOS mode: class=CMSIS, group=RTOS2, mode=CMSIS_V2, owner=FREERTOS
2023-11-12 08:14:12,807 [INFO] RtosManager:555 - Registered RTOS mode: class=RTOS, group=Core, mode=CMSIS_V1, owner=FREERTOS
2023-11-12 08:14:12,807 [INFO] RtosManager:555 - Registered RTOS mode: class=RTOS, group=Core, mode=CMSIS_V2, owner=FREERTOS
2023-11-12 08:14:12,808 [WARN] ModelIntegratedComponent:184 - Missing modes for component STMicroelectronics:FreeRTOS:0.0.1:STMicroelectronics:RTOS:FreeRTOS:Core:::10.2.0:
2023-11-12 08:14:12,813 [WARN] ModelIntegratedComponent:182 - Modes not found for component STMicroelectronics:USB_HOST:1.0.0:STMicroelectronics:USB::USB Host:Audio FS::1.0:USB_HOST_1_0_RESTRICTED_FS
2023-11-12 08:14:12,814 [WARN] ModelIntegratedComponent:188 - Modes not found for component STMicroelectronics:USB_HOST:1.0.0:STMicroelectronics:USB::USB Host:Audio FS::1.0:USB_HOST_1_0_RESTRICTED_FS
2023-11-12 08:14:12,814 [WARN] ModelIntegratedComponent:182 - Modes not found for component STMicroelectronics:USB_HOST:1.0.0:STMicroelectronics:USB::USB Host:CDC FS::1.0:USB_HOST_1_0_RESTRICTED_FS
2023-11-12 08:14:12,814 [WARN] ModelIntegratedComponent:188 - Modes not found for component STMicroelectronics:USB_HOST:1.0.0:STMicroelectronics:USB::USB Host:CDC FS::1.0:USB_HOST_1_0_RESTRICTED_FS
2023-11-12 08:14:12,814 [WARN] ModelIntegratedComponent:182 - Modes not found for component STMicroelectronics:USB_HOST:1.0.0:STMicroelectronics:USB::USB Host:MSC FS::1.0:USB_HOST_1_0_RESTRICTED_FS
2023-11-12 08:14:12,814 [WARN] ModelIntegratedComponent:188 - Modes not found for component STMicroelectronics:USB_HOST:1.0.0:STMicroelectronics:USB::USB Host:MSC FS::1.0:USB_HOST_1_0_RESTRICTED_FS
2023-11-12 08:14:12,814 [WARN] ModelIntegratedComponent:182 - Modes not found for component STMicroelectronics:USB_HOST:1.0.0:STMicroelectronics:USB::USB Host:HID FS::1.0:USB_HOST_1_0_RESTRICTED_FS
2023-11-12 08:14:12,814 [WARN] ModelIntegratedComponent:188 - Modes not found for component STMicroelectronics:USB_HOST:1.0.0:STMicroelectronics:USB::USB Host:HID FS::1.0:USB_HOST_1_0_RESTRICTED_FS
2023-11-12 08:14:12,814 [WARN] ModelIntegratedComponent:182 - Modes not found for component STMicroelectronics:USB_HOST:1.0.0:STMicroelectronics:USB::USB Host:MTP FS::1.0:USB_HOST_1_0_RESTRICTED_FS
2023-11-12 08:14:12,814 [WARN] ModelIntegratedComponent:188 - Modes not found for component STMicroelectronics:USB_HOST:1.0.0:STMicroelectronics:USB::USB Host:MTP FS::1.0:USB_HOST_1_0_RESTRICTED_FS
2023-11-12 08:14:12,826 [WARN] ModelIntegratedComponent:63 - No mode defined for component null
2023-11-12 08:14:12,826 [WARN] ModelIntegratedComponent:63 - No mode defined for component null
2023-11-12 08:14:12,826 [WARN] ModelIntegratedComponent:63 - No mode defined for component null
2023-11-12 08:14:12,826 [WARN] ModelIntegratedComponent:63 - No mode defined for component null
2023-11-12 08:14:12,826 [WARN] ModelIntegratedComponent:63 - No mode defined for component null
2023-11-12 08:14:12,826 [WARN] ModelIntegratedComponent:63 - No mode defined for component null
2023-11-12 08:14:12,826 [WARN] ModelIntegratedComponent:63 - No mode defined for component null
2023-11-12 08:14:12,826 [WARN] ModelIntegratedComponent:63 - No mode defined for component null
2023-11-12 08:14:12,826 [WARN] ModelIntegratedComponent:63 - No mode defined for component null
2023-11-12 08:14:12,826 [WARN] ModelIntegratedComponent:63 - No mode defined for component null
2023-11-12 08:14:12,826 [WARN] ModelIntegratedComponent:63 - No mode defined for component null
2023-11-12 08:14:12,826 [WARN] ModelIntegratedComponent:63 - No mode defined for component null
2023-11-12 08:14:12,826 [WARN] ModelIntegratedComponent:63 - No mode defined for component null
2023-11-12 08:14:12,826 [WARN] ModelIntegratedComponent:63 - No mode defined for component null
2023-11-12 08:14:12,826 [WARN] ModelIntegratedComponent:63 - No mode defined for component null
2023-11-12 08:14:12,826 [WARN] ModelIntegratedComponent:63 - No mode defined for component null
2023-11-12 08:14:12,826 [WARN] ModelIntegratedComponent:63 - No mode defined for component null
2023-11-12 08:14:12,826 [WARN] ModelIntegratedComponent:63 - No mode defined for component null
2023-11-12 08:14:12,826 [WARN] ModelIntegratedComponent:63 - No mode defined for component null
2023-11-12 08:14:12,826 [WARN] ModelIntegratedComponent:63 - No mode defined for component null
2023-11-12 08:14:12,827 [WARN] ModelIntegratedComponent:63 - No mode defined for component null
2023-11-12 08:14:12,827 [WARN] ModelIntegratedComponent:63 - No mode defined for component null
2023-11-12 08:14:12,827 [WARN] ModelIntegratedComponent:63 - No mode defined for component null
2023-11-12 08:14:12,827 [WARN] ModelIntegratedComponent:63 - No mode defined for component null
2023-11-12 08:14:12,827 [WARN] ModelIntegratedComponent:63 - No mode defined for component null
2023-11-12 08:14:12,827 [WARN] ModelIntegratedComponent:63 - No mode defined for component null
2023-11-12 08:14:12,827 [WARN] ModelIntegratedComponent:63 - No mode defined for component null
2023-11-12 08:14:12,827 [WARN] ModelIntegratedComponent:63 - No mode defined for component null
2023-11-12 08:14:12,827 [WARN] ModelIntegratedComponent:63 - No mode defined for component null
2023-11-12 08:14:12,827 [WARN] ModelIntegratedComponent:63 - No mode defined for component null
2023-11-12 08:14:12,827 [WARN] ModelIntegratedComponent:63 - No mode defined for component null
2023-11-12 08:14:12,827 [WARN] ModelIntegratedComponent:63 - No mode defined for component null
2023-11-12 08:14:12,827 [WARN] ModelIntegratedComponent:63 - No mode defined for component null
2023-11-12 08:14:12,916 [WARN] ModelIntegratedComponent:182 - Modes not found for component STMicroelectronics:USB_DEVICE:1.0.0:STMicroelectronics:USB::USB Device:Audio FS::1.0:USB_DEVICE_1_0_RESTRICTED_FS
2023-11-12 08:14:12,916 [WARN] ModelIntegratedComponent:188 - Modes not found for component STMicroelectronics:USB_DEVICE:1.0.0:STMicroelectronics:USB::USB Device:Audio FS::1.0:USB_DEVICE_1_0_RESTRICTED_FS
2023-11-12 08:14:12,916 [WARN] ModelIntegratedComponent:182 - Modes not found for component STMicroelectronics:USB_DEVICE:1.0.0:STMicroelectronics:USB::USB Device:CDC FS::1.0:USB_DEVICE_1_0_RESTRICTED_FS
2023-11-12 08:14:12,916 [WARN] ModelIntegratedComponent:188 - Modes not found for component STMicroelectronics:USB_DEVICE:1.0.0:STMicroelectronics:USB::USB Device:CDC FS::1.0:USB_DEVICE_1_0_RESTRICTED_FS
2023-11-12 08:14:12,916 [WARN] ModelIntegratedComponent:182 - Modes not found for component STMicroelectronics:USB_DEVICE:1.0.0:STMicroelectronics:USB::USB Device:DFU FS::1.0:USB_DEVICE_1_0_RESTRICTED_FS
2023-11-12 08:14:12,916 [WARN] ModelIntegratedComponent:188 - Modes not found for component STMicroelectronics:USB_DEVICE:1.0.0:STMicroelectronics:USB::USB Device:DFU FS::1.0:USB_DEVICE_1_0_RESTRICTED_FS
2023-11-12 08:14:12,916 [WARN] ModelIntegratedComponent:182 - Modes not found for component STMicroelectronics:USB_DEVICE:1.0.0:STMicroelectronics:USB::USB Device:HID FS::1.0:USB_DEVICE_1_0_RESTRICTED_FS
2023-11-12 08:14:12,916 [WARN] ModelIntegratedComponent:188 - Modes not found for component STMicroelectronics:USB_DEVICE:1.0.0:STMicroelectronics:USB::USB Device:HID FS::1.0:USB_DEVICE_1_0_RESTRICTED_FS
2023-11-12 08:14:12,916 [WARN] ModelIntegratedComponent:182 - Modes not found for component STMicroelectronics:USB_DEVICE:1.0.0:STMicroelectronics:USB::USB Device:Custom HID FS::1.0:USB_DEVICE_1_0_RESTRICTED_FS
2023-11-12 08:14:12,916 [WARN] ModelIntegratedComponent:188 - Modes not found for component STMicroelectronics:USB_DEVICE:1.0.0:STMicroelectronics:USB::USB Device:Custom HID FS::1.0:USB_DEVICE_1_0_RESTRICTED_FS
2023-11-12 08:14:12,916 [WARN] ModelIntegratedComponent:182 - Modes not found for component STMicroelectronics:USB_DEVICE:1.0.0:STMicroelectronics:USB::USB Device:MSC FS::1.0:USB_DEVICE_1_0_RESTRICTED_FS
2023-11-12 08:14:12,916 [WARN] ModelIntegratedComponent:188 - Modes not found for component STMicroelectronics:USB_DEVICE:1.0.0:STMicroelectronics:USB::USB Device:MSC FS::1.0:USB_DEVICE_1_0_RESTRICTED_FS
2023-11-12 08:14:12,926 [INFO] ThirdPartyModel:298 - Start build external matchings
2023-11-12 08:14:13,246 [INFO] ThirdPartyModel:316 - End build external matchings
2023-11-12 08:14:13,262 [INFO] ImportTextPane:194 - (OptionalMessage_ERROR) IP (RCC) : Invalid parameter (FamilyName)
2023-11-12 08:14:13,263 [INFO] ImportTextPane:194 - (OptionalMessage_ERROR) IP (RCC) : Parameter (TraceFreq_Value) has invalid value (64000000)
2023-11-12 08:14:13,594 [INFO] UtilMem:75 - End LoadConfig() Used Memory: 805729648 Bytes (1073741824)
2023-11-12 08:14:13,688 [WARN] ThirdParty:833 - waiting for thirdparty lock release [change project]
2023-11-12 08:14:13,688 [INFO] ThirdParty:835 - entering critical section [change project]
2023-11-12 08:14:13,688 [INFO] ThirdParty:1030 - CMSIS Pack Vendor :STMicroelectronics X-CUBE-ISPU 1.1.0
2023-11-12 08:14:13,688 [INFO] ThirdParty:1030 - CMSIS Pack Vendor :STMicroelectronics USBPD 4.1
2023-11-12 08:14:13,689 [INFO] ThirdParty:1030 - CMSIS Pack Vendor :STMicroelectronics X-CUBE-GNSS1 6.0.0
2023-11-12 08:14:13,689 [INFO] ThirdParty:1030 - CMSIS Pack Vendor :STMicroelectronics USB_HOST 2.0.0
2023-11-12 08:14:13,689 [INFO] ThirdParty:1030 - CMSIS Pack Vendor :STMicroelectronics X-CUBE-AZRTOS-F4 1.1.0
2023-11-12 08:14:13,689 [INFO] ThirdParty:1030 - CMSIS Pack Vendor :STMicroelectronics LIBJPEG 8.0.0
2023-11-12 08:14:13,689 [INFO] ThirdParty:1030 - CMSIS Pack Vendor :wolfSSL I-CUBE-wolfSSL 5.6.3
2023-11-12 08:14:13,689 [INFO] ThirdParty:1030 - CMSIS Pack Vendor :STMicroelectronics X-CUBE-SMBUS 2.1.0
2023-11-12 08:14:13,689 [INFO] ThirdParty:1030 - CMSIS Pack Vendor :STMicroelectronics USB_DEVICE 3.0.0
2023-11-12 08:14:13,689 [INFO] ThirdParty:1030 - CMSIS Pack Vendor :STMicroelectronics X-CUBE-AZRTOS-WB 2.0.0
2023-11-12 08:14:13,689 [INFO] ThirdParty:1030 - CMSIS Pack Vendor :STMicroelectronics X-CUBE-AZRTOS-F7 1.1.0
2023-11-12 08:14:13,689 [INFO] ThirdParty:1030 - CMSIS Pack Vendor :STMicroelectronics X-CUBE-AZRTOS-L5 2.0.0
2023-11-12 08:14:13,689 [INFO] ThirdParty:1030 - CMSIS Pack Vendor :STMicroelectronics USB_DEVICE 2.0.0
2023-11-12 08:14:13,689 [INFO] ThirdParty:1030 - CMSIS Pack Vendor :STMicroelectronics X-CUBE-EEPRMA1 4.2.0
2023-11-12 08:14:13,689 [INFO] ThirdParty:1030 - CMSIS Pack Vendor :ITTIA_DB I-CUBE-ITTIADB 8.8.0
2023-11-12 08:14:13,689 [INFO] ThirdParty:1030 - CMSIS Pack Vendor :STMicroelectronics FP-SNS-MOTENV1 4.3.2
2023-11-12 08:14:13,689 [INFO] ThirdParty:1030 - CMSIS Pack Vendor :STMicroelectronics X-CUBE-ALGOBUILD 1.3.0
2023-11-12 08:14:13,689 [INFO] ThirdParty:1030 - CMSIS Pack Vendor :STMicroelectronics FreeRTOS 0.0.1
2023-11-12 08:14:13,689 [INFO] ThirdParty:1030 - CMSIS Pack Vendor :STMicroelectronics X-CUBE-AZRTOS-G0 1.1.0
2023-11-12 08:14:13,690 [INFO] ThirdParty:1030 - CMSIS Pack Vendor :STMicroelectronics X-CUBE-BLEMGR 2.0.0
2023-11-12 08:14:13,690 [INFO] ThirdParty:1030 - CMSIS Pack Vendor :STMicroelectronics X-CUBE-NFC4 3.0.0
2023-11-12 08:14:13,690 [INFO] ThirdParty:1030 - CMSIS Pack Vendor :STMicroelectronics X-CUBE-SUBG2 5.0.0
2023-11-12 08:14:13,690 [INFO] ThirdParty:1030 - CMSIS Pack Vendor :STMicroelectronics STM32_WPAN 1.0.0
2023-11-12 08:14:13,690 [INFO] ThirdParty:1030 - CMSIS Pack Vendor :STMicroelectronics lwIP 2.0.3
2023-11-12 08:14:13,690 [INFO] ThirdParty:1030 - CMSIS Pack Vendor :STMicroelectronics FP-SNS-FLIGHT1 5.0.2
2023-11-12 08:14:13,690 [INFO] ThirdParty:1030 - CMSIS Pack Vendor :STMicroelectronics USB_HOST 1.0.0
2023-11-12 08:14:13,690 [INFO] ThirdParty:1030 - CMSIS Pack Vendor :STMicroelectronics X-CUBE-TOF1 3.3.1
2023-11-12 08:14:13,690 [INFO] ThirdParty:1030 - CMSIS Pack Vendor :STMicroelectronics X-CUBE-AZRTOS-G4 2.0.0
2023-11-12 08:14:13,690 [INFO] ThirdParty:1030 - CMSIS Pack Vendor :STMicroelectronics PDM2PCM 3.1.0
2023-11-12 08:14:13,690 [INFO] ThirdParty:1030 - CMSIS Pack Vendor :STMicroelectronics X-CUBE-AZRTOS-H7 3.1.0
2023-11-12 08:14:13,690 [INFO] ThirdParty:1030 - CMSIS Pack Vendor :Infineon AIROC-Wi-Fi-Bluetooth-STM32 1.5.1
2023-11-12 08:14:13,690 [INFO] ThirdParty:1030 - CMSIS Pack Vendor :STMicroelectronics X-CUBE-BLEMGR 3.0.0
2023-11-12 08:14:13,690 [INFO] ThirdParty:1030 - CMSIS Pack Vendor :STMicroelectronics PDM2PCM 3.3.0
2023-11-12 08:14:13,690 [INFO] ThirdParty:1030 - CMSIS Pack Vendor :STMicroelectronics X-CUBE-DISPLAY 3.0.0
2023-11-12 08:14:13,690 [INFO] ThirdParty:1030 - CMSIS Pack Vendor :STMicroelectronics X-CUBE-BLE1 7.0.0
2023-11-12 08:14:13,690 [INFO] ThirdParty:1030 - CMSIS Pack Vendor :STMicroelectronics FP-ATR-SIGFOX1 3.2.0
2023-11-12 08:14:13,690 [INFO] ThirdParty:1030 - CMSIS Pack Vendor :STMicroelectronics HAL Drivers 0.0.0
2023-11-12 08:14:13,690 [INFO] ThirdParty:1030 - CMSIS Pack Vendor :STMicroelectronics MBEDTLS 2.16.2
2023-11-12 08:14:13,691 [INFO] ThirdParty:1030 - CMSIS Pack Vendor :emotas I-CUBE-CANOPEN 1.3.0
2023-11-12 08:14:13,691 [INFO] ThirdParty:1030 - CMSIS Pack Vendor :STMicroelectronics X-CUBE-MEMS1 10.0.0
2023-11-12 08:14:13,691 [INFO] ThirdParty:1030 - CMSIS Pack Vendor :STMicroelectronics X-CUBE-FREERTOS 1.1.0
2023-11-12 08:14:13,691 [INFO] ThirdParty:1030 - CMSIS Pack Vendor :STMicroelectronics X-CUBE-NFC7 1.0.1
2023-11-12 08:14:13,691 [INFO] ThirdParty:1030 - CMSIS Pack Vendor :STMicroelectronics MBEDTLS 2.14.1
2023-11-12 08:14:13,691 [INFO] ThirdParty:1030 - CMSIS Pack Vendor :STMicroelectronics X-CUBE-TOUCHGFX 4.22.1
2023-11-12 08:14:13,691 [INFO] ThirdParty:1030 - CMSIS Pack Vendor :STMicroelectronics X-CUBE-NFC6 3.0.0
2023-11-12 08:14:13,691 [INFO] ThirdParty:1030 - CMSIS Pack Vendor :portGmbH I-Cube-SoM-uGOAL 1.1.0
2023-11-12 08:14:13,691 [INFO] ThirdParty:1030 - CMSIS Pack Vendor :STMicroelectronics X-CUBE-ALS 1.0.1
2023-11-12 08:14:13,691 [INFO] ThirdParty:1030 - CMSIS Pack Vendor :STMicroelectronics ThreadX 1.0.0
2023-11-12 08:14:13,691 [INFO] ThirdParty:1030 - CMSIS Pack Vendor :STMicroelectronics FP-SNS-SMARTAG2 1.2.0
2023-11-12 08:14:13,691 [INFO] ThirdParty:1030 - CMSIS Pack Vendor :STMicroelectronics X-CUBE-AZRTOS-WL 2.0.0
2023-11-12 08:14:13,691 [INFO] ThirdParty:1030 - CMSIS Pack Vendor :STMicroelectronics USB_DEVICE 1.0.0
2023-11-12 08:14:13,691 [INFO] ThirdParty:1030 - CMSIS Pack Vendor :STMicroelectronics X-CUBE-AI 8.1.0
2023-11-12 08:14:13,691 [INFO] ThirdParty:1030 - CMSIS Pack Vendor :STMicroelectronics X-CUBE-AZRTOS-L4 2.0.0
2023-11-12 08:14:13,691 [INFO] ThirdParty:1030 - CMSIS Pack Vendor :STMicroelectronics ThreadX 0.0.2
2023-11-12 08:14:13,691 [INFO] ThirdParty:1030 - CMSIS Pack Vendor :WES I-CUBE-Cesium 1.3.0
2023-11-12 08:14:13,691 [INFO] ThirdParty:1030 - CMSIS Pack Vendor :STMicroelectronics FP-ATR-ASTRA1 2.0.0
2023-11-12 08:14:13,691 [INFO] ThirdParty:1030 - CMSIS Pack Vendor :STMicroelectronics lwIP 2.1.2
2023-11-12 08:14:13,691 [INFO] ThirdParty:1030 - CMSIS Pack Vendor :STMicroelectronics X-CUBE-SFXS2LP1 4.0.0
2023-11-12 08:14:13,692 [INFO] ThirdParty:1030 - CMSIS Pack Vendor :STMicroelectronics X-CUBE-BLE2 3.3.0
2023-11-12 08:14:13,692 [INFO] ThirdParty:1030 - CMSIS Pack Vendor :STMicroelectronics PDM2PCM 3.2.0
2023-11-12 08:14:13,692 [INFO] ThirdParty:841 - exiting critical section [change project]
2023-11-12 08:14:14,109 [INFO] PinOutPanel:1499 - setPackage(No Configuration,No Configuration)
2023-11-12 08:14:14,110 [INFO] PinOutPanel:1499 - setPackage(STM32H7A3ZITxQ,LQFP144)
2023-11-12 08:14:15,113 [INFO] UtilMem:75 - Before build in PCC Used Memory: 577949424 Bytes (1073741824)
2023-11-12 08:14:16,115 [INFO] UtilMem:75 - After build in PCC Used Memory: 923457264 Bytes (1073741824)
2023-11-12 08:14:16,193 [INFO] IPUIPlugin:80 - create IPUIPlugin
2023-11-12 08:14:16,193 [INFO] IPUIPlugin:80 - create IPUIPlugin
2023-11-12 08:14:16,193 [INFO] IPUIPlugin:80 - create IPUIPlugin
2023-11-12 08:14:16,193 [INFO] IPUIPlugin:80 - create IPUIPlugin
2023-11-12 08:14:16,193 [INFO] IPUIPlugin:80 - create IPUIPlugin
2023-11-12 08:14:16,193 [INFO] IPUIPlugin:80 - create IPUIPlugin
2023-11-12 08:14:16,193 [INFO] IPUIPlugin:80 - create IPUIPlugin
2023-11-12 08:14:16,194 [INFO] IPUIPlugin:80 - create IPUIPlugin
2023-11-12 08:14:16,194 [INFO] IPUIPlugin:80 - create IPUIPlugin
2023-11-12 08:14:16,194 [INFO] IPUIPlugin:80 - create IPUIPlugin
2023-11-12 08:14:16,194 [INFO] IPUIPlugin:80 - create IPUIPlugin
2023-11-12 08:14:16,194 [INFO] IPUIPlugin:80 - create IPUIPlugin
2023-11-12 08:14:16,195 [INFO] IPUIPlugin:80 - create IPUIPlugin
2023-11-12 08:14:16,195 [INFO] IPUIPlugin:80 - create IPUIPlugin
2023-11-12 08:14:16,195 [INFO] IPUIPlugin:80 - create IPUIPlugin
2023-11-12 08:14:16,195 [INFO] IPUIPlugin:80 - create IPUIPlugin
2023-11-12 08:14:16,195 [INFO] IPUIPlugin:80 - create IPUIPlugin
2023-11-12 08:14:16,195 [INFO] IPUIPlugin:80 - create IPUIPlugin
2023-11-12 08:14:16,196 [INFO] IPUIPlugin:80 - create IPUIPlugin
2023-11-12 08:14:16,196 [INFO] IPUIPlugin:80 - create IPUIPlugin
2023-11-12 08:14:16,196 [INFO] IPUIPlugin:80 - create IPUIPlugin
2023-11-12 08:14:16,196 [INFO] IPUIPlugin:80 - create IPUIPlugin
2023-11-12 08:14:16,196 [INFO] IPUIPlugin:80 - create IPUIPlugin
2023-11-12 08:14:16,196 [INFO] IPUIPlugin:80 - create IPUIPlugin
2023-11-12 08:14:16,196 [INFO] IPUIPlugin:80 - create IPUIPlugin
2023-11-12 08:14:16,197 [INFO] IPUIPlugin:80 - create IPUIPlugin
2023-11-12 08:14:16,197 [INFO] IPUIPlugin:80 - create IPUIPlugin
2023-11-12 08:14:16,197 [INFO] IPUIPlugin:80 - create IPUIPlugin
2023-11-12 08:14:16,197 [INFO] IPUIPlugin:80 - create IPUIPlugin
2023-11-12 08:14:16,198 [INFO] IPUIPlugin:80 - create IPUIPlugin
2023-11-12 08:14:16,198 [INFO] IPUIPlugin:80 - create IPUIPlugin
2023-11-12 08:14:16,198 [INFO] IPUIPlugin:80 - create IPUIPlugin
2023-11-12 08:14:16,198 [INFO] IPUIPlugin:80 - create IPUIPlugin
2023-11-12 08:14:16,199 [INFO] IPUIPlugin:80 - create IPUIPlugin
2023-11-12 08:14:16,199 [INFO] IPUIPlugin:80 - create IPUIPlugin
2023-11-12 08:14:16,199 [INFO] IPUIPlugin:80 - create IPUIPlugin
2023-11-12 08:14:16,199 [INFO] IPUIPlugin:80 - create IPUIPlugin
2023-11-12 08:14:16,200 [INFO] IPUIPlugin:80 - create IPUIPlugin
2023-11-12 08:14:16,200 [INFO] IPUIPlugin:80 - create IPUIPlugin
2023-11-12 08:14:16,200 [INFO] IPUIPlugin:80 - create IPUIPlugin
2023-11-12 08:14:16,201 [INFO] IPUIPlugin:80 - create IPUIPlugin
2023-11-12 08:14:16,201 [INFO] IPUIPlugin:80 - create IPUIPlugin
2023-11-12 08:14:16,201 [INFO] IPUIPlugin:80 - create IPUIPlugin
2023-11-12 08:14:16,201 [INFO] IPUIPlugin:80 - create IPUIPlugin
2023-11-12 08:14:16,202 [INFO] IPUIPlugin:80 - create IPUIPlugin
2023-11-12 08:14:16,202 [INFO] IPUIPlugin:80 - create IPUIPlugin
2023-11-12 08:14:16,202 [INFO] IPUIPlugin:80 - create IPUIPlugin
2023-11-12 08:14:16,203 [INFO] IPUIPlugin:80 - create IPUIPlugin
2023-11-12 08:14:16,203 [INFO] IPUIPlugin:80 - create IPUIPlugin
2023-11-12 08:14:16,203 [INFO] IPUIPlugin:80 - create IPUIPlugin
2023-11-12 08:14:16,203 [INFO] IPUIPlugin:80 - create IPUIPlugin
2023-11-12 08:14:16,203 [INFO] IPUIPlugin:80 - create IPUIPlugin
2023-11-12 08:14:16,204 [INFO] IPUIPlugin:80 - create IPUIPlugin
2023-11-12 08:14:16,204 [INFO] IPUIPlugin:80 - create IPUIPlugin
2023-11-12 08:14:16,204 [INFO] IPUIPlugin:80 - create IPUIPlugin
2023-11-12 08:14:16,205 [INFO] IPUIPlugin:80 - create IPUIPlugin
2023-11-12 08:14:16,205 [INFO] IPUIPlugin:80 - create IPUIPlugin
2023-11-12 08:14:16,205 [INFO] IPUIPlugin:80 - create IPUIPlugin
2023-11-12 08:14:16,205 [INFO] IPUIPlugin:80 - create IPUIPlugin
2023-11-12 08:14:16,206 [INFO] IPUIPlugin:80 - create IPUIPlugin
2023-11-12 08:14:16,206 [INFO] IPUIPlugin:80 - create IPUIPlugin
2023-11-12 08:14:16,206 [INFO] IPUIPlugin:80 - create IPUIPlugin
2023-11-12 08:14:16,207 [INFO] IPUIPlugin:80 - create IPUIPlugin
2023-11-12 08:14:16,207 [INFO] IPUIPlugin:80 - create IPUIPlugin
2023-11-12 08:14:16,207 [INFO] IPUIPlugin:80 - create IPUIPlugin
2023-11-12 08:14:16,207 [INFO] IPUIPlugin:80 - create IPUIPlugin
2023-11-12 08:14:16,208 [INFO] IPUIPlugin:80 - create IPUIPlugin
2023-11-12 08:14:16,208 [INFO] IPUIPlugin:80 - create IPUIPlugin
2023-11-12 08:14:16,209 [INFO] IPUIPlugin:80 - create IPUIPlugin
2023-11-12 08:14:16,210 [INFO] IPUIPlugin:80 - create IPUIPlugin
2023-11-12 08:14:16,212 [INFO] IPUIPlugin:80 - create IPUIPlugin
2023-11-12 08:14:16,212 [INFO] IPUIPlugin:80 - create IPUIPlugin
2023-11-12 08:14:16,213 [INFO] IPUIPlugin:80 - create IPUIPlugin
2023-11-12 08:14:16,213 [INFO] IPUIPlugin:80 - create IPUIPlugin
2023-11-12 08:14:16,213 [INFO] IPUIPlugin:80 - create IPUIPlugin
2023-11-12 08:14:16,214 [INFO] IPUIPlugin:80 - create IPUIPlugin
2023-11-12 08:14:16,214 [INFO] IPUIPlugin:80 - create IPUIPlugin
2023-11-12 08:14:16,214 [INFO] IPUIPlugin:80 - create IPUIPlugin
2023-11-12 08:14:16,215 [INFO] IPUIPlugin:80 - create IPUIPlugin
2023-11-12 08:14:16,215 [INFO] IPUIPlugin:80 - create IPUIPlugin
2023-11-12 08:14:16,216 [INFO] IPUIPlugin:80 - create IPUIPlugin
2023-11-12 08:14:16,216 [INFO] IPUIPlugin:80 - create IPUIPlugin
2023-11-12 08:14:16,216 [INFO] IPUIPlugin:80 - create IPUIPlugin
2023-11-12 08:14:16,217 [INFO] IPUIPlugin:80 - create IPUIPlugin
2023-11-12 08:14:16,217 [INFO] IPUIPlugin:80 - create IPUIPlugin
2023-11-12 08:14:16,217 [INFO] IPUIPlugin:80 - create IPUIPlugin
2023-11-12 08:14:16,217 [INFO] IPUIPlugin:80 - create IPUIPlugin
2023-11-12 08:14:16,218 [INFO] IPUIPlugin:80 - create IPUIPlugin
2023-11-12 08:14:16,218 [INFO] IPUIPlugin:80 - create IPUIPlugin
2023-11-12 08:14:16,218 [INFO] IPUIPlugin:80 - create IPUIPlugin
2023-11-12 08:14:16,218 [INFO] IPUIPlugin:80 - create IPUIPlugin
2023-11-12 08:14:16,218 [INFO] IPUIPlugin:80 - create IPUIPlugin
2023-11-12 08:14:16,219 [INFO] IPUIPlugin:80 - create IPUIPlugin
2023-11-12 08:14:16,219 [INFO] IPUIPlugin:80 - create IPUIPlugin
2023-11-12 08:14:16,219 [INFO] IPUIPlugin:80 - create IPUIPlugin
2023-11-12 08:14:16,220 [INFO] IPUIPlugin:80 - create IPUIPlugin
2023-11-12 08:14:16,220 [INFO] IPUIPlugin:80 - create IPUIPlugin
2023-11-12 08:14:16,221 [INFO] IPUIPlugin:80 - create IPUIPlugin
2023-11-12 08:14:16,221 [INFO] IPUIPlugin:80 - create IPUIPlugin
2023-11-12 08:14:16,282 [INFO] ApiDbMcu:507 - Load IP Config File for PDM2PCM
2023-11-12 08:14:16,594 [INFO] CADModel:165 - CPN selected for project levelSTM32H7A3ZIT6Q
2023-11-12 08:14:16,595 [INFO] CADModel:114 - Register for checkConnection events
2023-11-12 08:14:16,642 [INFO] OpenFileManager:328 - Restore cursor
2023-11-12 08:14:17,601 [INFO] UtilMem:75 - End SaveConfig() Used Memory: 885641624 Bytes (1073741824)
2023-11-12 08:14:17,673 [INFO] UtilMem:75 - End SaveConfig() Used Memory: 918816280 Bytes (1073741824)
2023-11-12 08:14:18,381 [INFO] BlockDiagram:2759 - set Specific Code input for plugin: USB_OTG_HS
2023-11-12 08:14:18,381 [INFO] BlockDiagram:2759 - set Specific Code input for plugin: RCC
2023-11-12 08:14:18,381 [INFO] BlockDiagram:2759 - set Specific Code input for plugin: USART
2023-11-12 08:14:18,381 [INFO] BlockDiagram:2759 - set Specific Code input for plugin: SYS
2023-11-12 08:14:18,381 [INFO] BlockDiagram:2759 - set Specific Code input for plugin: NVIC
2023-11-12 08:14:18,382 [INFO] BlockDiagram:2759 - set Specific Code input for plugin: GPIO
2023-11-12 08:14:18,382 [INFO] CodeGenerator:799 - code generatio: config db path: /opt/st/stm32cubeide_1.13.2/plugins/com.st.stm32cube.common.mx_6.9.2.202309101412//db/
2023-11-12 08:14:18,738 [INFO] CodeEngine:255 - oldGeneratedFile, /home/vakrapeci/.STM32CubeIDE/workspace_PCB/PCB/MXTmpFiles/license.tmp_save
2023-11-12 08:14:19,128 [INFO] CodeEngine:279 - Generated code: /home/vakrapeci/.STM32CubeIDE/workspace_PCB/PCB/MXTmpFiles/license.tmp
2023-11-12 08:14:19,223 [INFO] CodeEngine:255 - oldGeneratedFile, /home/vakrapeci/.STM32CubeIDE/workspace_PCB/PCB/MXTmpFiles/gpio.tmp_save
2023-11-12 08:14:19,340 [INFO] CodeEngine:279 - Generated code: /home/vakrapeci/.STM32CubeIDE/workspace_PCB/PCB/MXTmpFiles/gpio.tmp
2023-11-12 08:14:19,612 [WARN] IPConfigManager:99 - WARNING: Missing Config File for USB ip!!
2023-11-12 08:14:19,677 [INFO] CodeEngine:255 - oldGeneratedFile, /home/vakrapeci/.STM32CubeIDE/workspace_PCB/PCB/MXTmpFiles/cortex.tmp_save
2023-11-12 08:14:19,743 [INFO] CodeEngine:279 - Generated code: /home/vakrapeci/.STM32CubeIDE/workspace_PCB/PCB/MXTmpFiles/cortex.tmp
2023-11-12 08:14:19,752 [INFO] CodeEngine:255 - oldGeneratedFile, /home/vakrapeci/.STM32CubeIDE/workspace_PCB/PCB/Core/Src/stm32h7xx_it.c_save
2023-11-12 08:14:19,891 [INFO] CodeEngine:279 - Generated code: /home/vakrapeci/.STM32CubeIDE/workspace_PCB/PCB/Core/Src/stm32h7xx_it.c
2023-11-12 08:14:19,893 [INFO] CodeEngine:255 - oldGeneratedFile, /home/vakrapeci/.STM32CubeIDE/workspace_PCB/PCB/Core/Inc/stm32h7xx_it.h_save
2023-11-12 08:14:19,948 [INFO] CodeEngine:279 - Generated code: /home/vakrapeci/.STM32CubeIDE/workspace_PCB/PCB/Core/Inc/stm32h7xx_it.h
2023-11-12 08:14:20,042 [INFO] CodeEngine:255 - oldGeneratedFile, /home/vakrapeci/.STM32CubeIDE/workspace_PCB/PCB/Core/Src/stm32h7xx_hal_msp.c_save
2023-11-12 08:14:20,131 [INFO] CodeEngine:279 - Generated code: /home/vakrapeci/.STM32CubeIDE/workspace_PCB/PCB/Core/Src/stm32h7xx_hal_msp.c
2023-11-12 08:14:20,133 [INFO] CodeEngine:255 - oldGeneratedFile, /home/vakrapeci/.STM32CubeIDE/workspace_PCB/PCB/MXTmpFiles/system.tmp_save
2023-11-12 08:14:20,187 [INFO] CodeEngine:279 - Generated code: /home/vakrapeci/.STM32CubeIDE/workspace_PCB/PCB/MXTmpFiles/system.tmp
2023-11-12 08:14:20,190 [INFO] CodeEngine:311 - oldGeneratedFile, /home/vakrapeci/.STM32CubeIDE/workspace_PCB/PCB/Core/Inc/stm32h7xx_hal_conf.h_save
2023-11-12 08:14:20,265 [INFO] CodeEngine:335 - Generated code: /home/vakrapeci/.STM32CubeIDE/workspace_PCB/PCB/Core/Inc/stm32h7xx_hal_conf.h
2023-11-12 08:14:20,352 [WARN] IPConfigManager:3431 - IP not found : USB_OTG
2023-11-12 08:14:20,352 [WARN] CodeGenerator:3764 - IP not found : null
2023-11-12 08:14:20,354 [INFO] CodeEngine:255 - oldGeneratedFile, /home/vakrapeci/.STM32CubeIDE/workspace_PCB/PCB/Core/Inc/main.h_save
2023-11-12 08:14:20,440 [INFO] CodeEngine:279 - Generated code: /home/vakrapeci/.STM32CubeIDE/workspace_PCB/PCB/Core/Inc/main.h
2023-11-12 08:14:20,442 [INFO] CodeEngine:255 - oldGeneratedFile, /home/vakrapeci/.STM32CubeIDE/workspace_PCB/PCB/Core/Src/main.c_save
2023-11-12 08:14:20,554 [INFO] CodeEngine:279 - Generated code: /home/vakrapeci/.STM32CubeIDE/workspace_PCB/PCB/Core/Src/main.c
2023-11-12 08:14:21,017 [INFO] ProjectBuilder:3064 - Time for Copy HAL[1] : 77mS.
2023-11-12 08:14:21,021 [INFO] ProjectBuilder:4404 - Project Generator version: 4.1.0
2023-11-12 08:14:21,274 [INFO] ConfigFileManager:1457 - The Die is : DIE480
2023-11-12 08:14:21,288 [INFO] ApiDbMcu:507 - Load IP Config File for FATFS
2023-11-12 08:14:21,313 [INFO] ApiDbMcu:507 - Load IP Config File for FREERTOS
2023-11-12 08:14:21,317 [INFO] ApiDbMcu:507 - Load IP Config File for LIBJPEG
2023-11-12 08:14:21,351 [INFO] ApiDbMcu:507 - Load IP Config File for MBEDTLS
2023-11-12 08:14:21,384 [INFO] ApiDbMcu:507 - Load IP Config File for USB_DEVICE
2023-11-12 08:14:21,393 [INFO] ApiDbMcu:507 - Load IP Config File for USB_HOST
2023-11-12 08:14:21,978 [INFO] LogOutputStream:77 - [STDOUT_REDIRECT] 
2023-11-12 08:14:24,209 [INFO] ProjectBuilder:4626 - Time for Generating toolchain IDE Files: 3187mS.
2023-11-12 08:14:24,209 [INFO] ProjectBuilder:2935 - Time for Copy CMSIS : 0mS.
2023-11-12 08:14:24,210 [INFO] ProjectBuilder:2935 - Time for Copy CMSIS : 0mS.
2023-11-12 08:14:24,843 [INFO] McuFinderGlobals:76 - Set McuFinderConnectedMode to true
2023-11-12 08:14:24,962 [INFO] ApiDb:448 - Save user favorites file /home/vakrapeci/.stm32cubeide/favorites.mcus.txt: 0 item(s)
2023-11-12 08:14:24,962 [INFO] ApiDb:452 - User favorites MCUs=[]
2023-11-12 08:14:45,926 [INFO] NvicIntPanel:101 - NVIC parent = com.st.microxplorer.plugins.ip.nvic.MultiNvicIntPanel[,0,0,0x0,invalid,layout=javax.swing.BoxLayout,alignmentX=0.0,alignmentY=0.0,border=,flags=9,maximumSize=,minimumSize=,preferredSize=]
2023-11-12 08:15:01,044 [INFO] UtilMem:75 - End SaveConfig() Used Memory: 629641192 Bytes (1073741824)
2023-11-12 08:15:01,198 [INFO] BlockDiagram:2759 - set Specific Code input for plugin: USB_OTG_HS
2023-11-12 08:15:01,198 [INFO] BlockDiagram:2759 - set Specific Code input for plugin: RCC
2023-11-12 08:15:01,198 [INFO] BlockDiagram:2759 - set Specific Code input for plugin: USART
2023-11-12 08:15:01,198 [INFO] BlockDiagram:2759 - set Specific Code input for plugin: SYS
2023-11-12 08:15:01,198 [INFO] BlockDiagram:2759 - set Specific Code input for plugin: NVIC
2023-11-12 08:15:01,198 [INFO] BlockDiagram:2759 - set Specific Code input for plugin: GPIO
2023-11-12 08:15:01,199 [INFO] CodeGenerator:799 - code generatio: config db path: /opt/st/stm32cubeide_1.13.2/plugins/com.st.stm32cube.common.mx_6.9.2.202309101412//db/
2023-11-12 08:15:01,397 [INFO] CodeEngine:255 - oldGeneratedFile, /home/vakrapeci/.STM32CubeIDE/workspace_PCB/PCB/MXTmpFiles/license.tmp_save
2023-11-12 08:15:01,469 [INFO] CodeEngine:279 - Generated code: /home/vakrapeci/.STM32CubeIDE/workspace_PCB/PCB/MXTmpFiles/license.tmp
2023-11-12 08:15:01,518 [INFO] CodeEngine:255 - oldGeneratedFile, /home/vakrapeci/.STM32CubeIDE/workspace_PCB/PCB/MXTmpFiles/gpio.tmp_save
2023-11-12 08:15:01,580 [INFO] CodeEngine:279 - Generated code: /home/vakrapeci/.STM32CubeIDE/workspace_PCB/PCB/MXTmpFiles/gpio.tmp
2023-11-12 08:15:01,862 [WARN] IPConfigManager:99 - WARNING: Missing Config File for USB ip!!
2023-11-12 08:15:01,913 [INFO] CodeEngine:255 - oldGeneratedFile, /home/vakrapeci/.STM32CubeIDE/workspace_PCB/PCB/MXTmpFiles/cortex.tmp_save
2023-11-12 08:15:01,970 [INFO] CodeEngine:279 - Generated code: /home/vakrapeci/.STM32CubeIDE/workspace_PCB/PCB/MXTmpFiles/cortex.tmp
2023-11-12 08:15:01,980 [INFO] CodeEngine:255 - oldGeneratedFile, /home/vakrapeci/.STM32CubeIDE/workspace_PCB/PCB/Core/Src/stm32h7xx_it.c_save
2023-11-12 08:15:02,041 [INFO] CodeEngine:279 - Generated code: /home/vakrapeci/.STM32CubeIDE/workspace_PCB/PCB/Core/Src/stm32h7xx_it.c
2023-11-12 08:15:02,043 [INFO] CodeEngine:255 - oldGeneratedFile, /home/vakrapeci/.STM32CubeIDE/workspace_PCB/PCB/Core/Inc/stm32h7xx_it.h_save
2023-11-12 08:15:02,097 [INFO] CodeEngine:279 - Generated code: /home/vakrapeci/.STM32CubeIDE/workspace_PCB/PCB/Core/Inc/stm32h7xx_it.h
2023-11-12 08:15:02,177 [INFO] CodeEngine:255 - oldGeneratedFile, /home/vakrapeci/.STM32CubeIDE/workspace_PCB/PCB/Core/Src/stm32h7xx_hal_msp.c_save
2023-11-12 08:15:02,271 [INFO] CodeEngine:279 - Generated code: /home/vakrapeci/.STM32CubeIDE/workspace_PCB/PCB/Core/Src/stm32h7xx_hal_msp.c
2023-11-12 08:15:02,273 [INFO] CodeEngine:255 - oldGeneratedFile, /home/vakrapeci/.STM32CubeIDE/workspace_PCB/PCB/MXTmpFiles/system.tmp_save
2023-11-12 08:15:02,334 [INFO] CodeEngine:279 - Generated code: /home/vakrapeci/.STM32CubeIDE/workspace_PCB/PCB/MXTmpFiles/system.tmp
2023-11-12 08:15:02,337 [INFO] CodeEngine:311 - oldGeneratedFile, /home/vakrapeci/.STM32CubeIDE/workspace_PCB/PCB/Core/Inc/stm32h7xx_hal_conf.h_save
2023-11-12 08:15:02,406 [INFO] CodeEngine:335 - Generated code: /home/vakrapeci/.STM32CubeIDE/workspace_PCB/PCB/Core/Inc/stm32h7xx_hal_conf.h
2023-11-12 08:15:02,467 [WARN] IPConfigManager:3431 - IP not found : USB_OTG
2023-11-12 08:15:02,467 [WARN] CodeGenerator:3764 - IP not found : null
2023-11-12 08:15:02,469 [INFO] CodeEngine:255 - oldGeneratedFile, /home/vakrapeci/.STM32CubeIDE/workspace_PCB/PCB/Core/Inc/main.h_save
2023-11-12 08:15:02,533 [INFO] CodeEngine:279 - Generated code: /home/vakrapeci/.STM32CubeIDE/workspace_PCB/PCB/Core/Inc/main.h
2023-11-12 08:15:02,535 [INFO] CodeEngine:255 - oldGeneratedFile, /home/vakrapeci/.STM32CubeIDE/workspace_PCB/PCB/Core/Src/main.c_save
2023-11-12 08:15:02,611 [INFO] CodeEngine:279 - Generated code: /home/vakrapeci/.STM32CubeIDE/workspace_PCB/PCB/Core/Src/main.c
2023-11-12 08:15:02,878 [INFO] ProjectBuilder:3064 - Time for Copy HAL[1] : 20mS.
2023-11-12 08:15:02,879 [INFO] ProjectBuilder:4404 - Project Generator version: 4.1.0
2023-11-12 08:15:03,073 [INFO] ConfigFileManager:1457 - The Die is : DIE480
2023-11-12 08:15:03,971 [INFO] ProjectBuilder:4626 - Time for Generating toolchain IDE Files: 1092mS.
2023-11-12 08:15:03,972 [INFO] ProjectBuilder:2935 - Time for Copy CMSIS : 0mS.
2023-11-12 08:15:03,972 [INFO] ProjectBuilder:2935 - Time for Copy CMSIS : 0mS.
