2023-11-13 17:48:59,821 [INFO] Activator:176 - 


2023-11-13 17:48:59,823 [INFO] Activator:177 - !SESSION log4j initialized
2023-11-13 17:49:03,717 [INFO] LogOutputStream:77 - [STDOUT_REDIRECT] 
2023-11-13 17:49:05,281 [INFO] ApplicationProperties:184 - Using Application install path: /opt/st/stm32cubeide_1.13.2/plugins/com.st.stm32cube.common.mx_6.9.2.202309101412
2023-11-13 17:49:05,296 [INFO] DbMcusXml:78 - Set database path to: /opt/st/stm32cubeide_1.13.2/plugins/com.st.stm32cube.common.mx_6.9.2.202309101412//db//mcu/
2023-11-13 17:49:05,296 [INFO] ApiDb:274 - Set plugin database path to: /opt/st/stm32cubeide_1.13.2/plugins/com.st.stm32cube.common.mx_6.9.2.202309101412//db//plugins/boardmanager/
2023-11-13 17:49:05,297 [WARN] ApiDb:259 - Overriding images path with different value:  => /opt/st/stm32cubeide_1.13.2/plugins/com.st.stm32cube.common.mx_6.9.2.202309101412//db//plugins/mcufinder/images/
2023-11-13 17:49:05,305 [INFO] ApiDb:250 - Set database path to: /home/vakrapeci/.stmcufinder/plugins/mcufinder//mcu/
2023-11-13 17:49:05,306 [INFO] DbMcusAds:125 - Set database path to: /home/vakrapeci/.stmcufinder/plugins/mcufinder//mcu/
2023-11-13 17:49:05,309 [INFO] CrossReferenceDbSqlite:203 - Set database path to: /home/vakrapeci/.stmcufinder/plugins/mcufinder//mcu/cs/
2023-11-13 17:49:05,392 [INFO] RulesReader:64 - Compatibility file has been processed (293 Rules)
2023-11-13 17:49:05,432 [INFO] DbMcusXml:78 - Set database path to: /opt/st/stm32cubeide_1.13.2/plugins/com.st.stm32cube.common.mx_6.9.2.202309101412//db//mcu/
2023-11-13 17:49:05,432 [INFO] ApiDb:274 - Set plugin database path to: /opt/st/stm32cubeide_1.13.2/plugins/com.st.stm32cube.common.mx_6.9.2.202309101412//db//plugins/boardmanager/
2023-11-13 17:49:05,432 [INFO] ApiDb:261 - Set plugin images path to: /opt/st/stm32cubeide_1.13.2/plugins/com.st.stm32cube.common.mx_6.9.2.202309101412//db//plugins/mcufinder/images/
2023-11-13 17:49:05,432 [WARN] DbFile:41 - Overriding database path with different value: /home/vakrapeci/.stmcufinder/plugins/mcufinder/ => /home/vakrapeci/.stmcufinder/plugins/mcufinder
2023-11-13 17:49:05,432 [INFO] ApiDb:250 - Set database path to: /home/vakrapeci/.stmcufinder/plugins/mcufinder//mcu/
2023-11-13 17:49:05,432 [WARN] DbFile:41 - Overriding database path with different value: /home/vakrapeci/.stmcufinder/plugins/mcufinder/ => /home/vakrapeci/.stmcufinder/plugins/mcufinder
2023-11-13 17:49:05,432 [INFO] DbMcusAds:125 - Set database path to: /home/vakrapeci/.stmcufinder/plugins/mcufinder//mcu/
2023-11-13 17:49:05,432 [WARN] DbFile:41 - Overriding database path with different value: /home/vakrapeci/.stmcufinder/plugins/mcufinder/ => /home/vakrapeci/.stmcufinder/plugins/mcufinder
2023-11-13 17:49:05,432 [WARN] DbFile:41 - Overriding database path with different value: /home/vakrapeci/.stmcufinder/plugins/mcufinder/ => /home/vakrapeci/.stmcufinder/plugins/mcufinder
2023-11-13 17:49:05,432 [INFO] CrossReferenceDbSqlite:203 - Set database path to: /home/vakrapeci/.stmcufinder/plugins/mcufinder//mcu/cs/
2023-11-13 17:49:05,481 [INFO] MainPanel:262 - HeapMemory: 268435456
2023-11-13 17:49:05,548 [INFO] DbMcusXml:78 - Set database path to: /opt/st/stm32cubeide_1.13.2/plugins/com.st.stm32cube.common.mx_6.9.2.202309101412//db//mcu/
2023-11-13 17:49:05,548 [INFO] ApiDb:274 - Set plugin database path to: /opt/st/stm32cubeide_1.13.2/plugins/com.st.stm32cube.common.mx_6.9.2.202309101412//db//plugins/boardmanager/
2023-11-13 17:49:05,548 [INFO] ApiDb:261 - Set plugin images path to: /opt/st/stm32cubeide_1.13.2/plugins/com.st.stm32cube.common.mx_6.9.2.202309101412//db//plugins/mcufinder/images/
2023-11-13 17:49:05,548 [WARN] DbFile:41 - Overriding database path with different value: /home/vakrapeci/.stmcufinder/plugins/mcufinder/ => /home/vakrapeci/.stmcufinder/plugins/mcufinder
2023-11-13 17:49:05,548 [INFO] ApiDb:250 - Set database path to: /home/vakrapeci/.stmcufinder/plugins/mcufinder//mcu/
2023-11-13 17:49:05,548 [WARN] DbFile:41 - Overriding database path with different value: /home/vakrapeci/.stmcufinder/plugins/mcufinder/ => /home/vakrapeci/.stmcufinder/plugins/mcufinder
2023-11-13 17:49:05,548 [INFO] DbMcusAds:125 - Set database path to: /home/vakrapeci/.stmcufinder/plugins/mcufinder//mcu/
2023-11-13 17:49:05,549 [WARN] DbFile:41 - Overriding database path with different value: /home/vakrapeci/.stmcufinder/plugins/mcufinder/ => /home/vakrapeci/.stmcufinder/plugins/mcufinder
2023-11-13 17:49:05,549 [WARN] DbFile:41 - Overriding database path with different value: /home/vakrapeci/.stmcufinder/plugins/mcufinder/ => /home/vakrapeci/.stmcufinder/plugins/mcufinder
2023-11-13 17:49:05,549 [INFO] CrossReferenceDbSqlite:203 - Set database path to: /home/vakrapeci/.stmcufinder/plugins/mcufinder//mcu/cs/
2023-11-13 17:49:05,561 [INFO] ApplicationProperties:184 - Using Application install path: /opt/st/stm32cubeide_1.13.2/plugins/com.st.stm32cube.common.mx_6.9.2.202309101412
2023-11-13 17:49:05,562 [INFO] PluginManage:196 - Search for loadable plugins [exclusion list=, ]
2023-11-13 17:49:05,562 [INFO] PluginManage:310 - Check plugin analytics
2023-11-13 17:49:05,671 [INFO] AnalyticsPlugin:253 - Accepted Software Licenses: 
2023-11-13 17:49:05,671 [INFO] AnalyticsPlugin:255 - Accepted CMSIS Pack Licenses: 
2023-11-13 17:49:05,671 [INFO] AnalyticsPlugin:257 - Accepted Firmware Licenses: FW.F4.1.27.0,FW.H7.1.11.0
2023-11-13 17:49:05,673 [INFO] PluginManage:359 - Loaded plugin analytics (category:tool,tabindex:-1)
2023-11-13 17:49:05,673 [INFO] PluginManage:310 - Check plugin cadmodel
2023-11-13 17:49:05,699 [INFO] CADModel:105 - Init CAD model plugin
2023-11-13 17:49:05,699 [INFO] PluginManage:359 - Loaded plugin cadmodel (category:power,tabindex:5)
2023-11-13 17:49:05,700 [INFO] PluginManage:310 - Check plugin clock
2023-11-13 17:49:05,706 [INFO] PluginManage:359 - Loaded plugin clock (category:base,tabindex:2)
2023-11-13 17:49:05,707 [INFO] PluginManage:310 - Check plugin ddr
2023-11-13 17:49:05,708 [INFO] PluginManage:359 - Loaded plugin ddr (category:tool,tabindex:6)
2023-11-13 17:49:05,708 [INFO] PluginManage:310 - Check plugin filemanager
2023-11-13 17:49:05,790 [INFO] PluginManage:359 - Loaded plugin filemanager (category:base,tabindex:10)
2023-11-13 17:49:05,790 [INFO] PluginManage:310 - Check plugin ipmanager
2023-11-13 17:49:05,794 [INFO] PluginManage:359 - Loaded plugin ipmanager (category:base,tabindex:5)
2023-11-13 17:49:05,794 [INFO] PluginManage:310 - Check plugin lpbam
2023-11-13 17:49:05,800 [INFO] PluginManage:359 - Loaded plugin lpbam (category:base,tabindex:0)
2023-11-13 17:49:05,800 [INFO] PluginManage:310 - Check plugin memorymap
2023-11-13 17:49:05,807 [INFO] PluginManage:359 - Loaded plugin memorymap (category:base,tabindex:4)
2023-11-13 17:49:05,807 [INFO] PluginManage:310 - Check plugin pinoutandconfiguration
2023-11-13 17:49:05,811 [INFO] PluginManage:359 - Loaded plugin pinoutandconfiguration (category:base,tabindex:1)
2023-11-13 17:49:05,812 [INFO] PluginManage:310 - Check plugin pinoutconfig
2023-11-13 17:49:05,868 [WARN] SupportedApi:132 - Cannot load RTOS API schema: s4s-elt-must-match.1: The content of 'definitions' must match (annotation?, (simpleType | complexType)?, (unique | key | keyref)*)). A problem was found starting at: attribute.
2023-11-13 17:49:05,949 [INFO] PluginManage:359 - Loaded plugin pinoutconfig (category:base,tabindex:0)
2023-11-13 17:49:05,949 [INFO] PluginManage:310 - Check plugin power
2023-11-13 17:49:05,956 [INFO] PluginManage:359 - Loaded plugin power (category:power,tabindex:4)
2023-11-13 17:49:05,956 [INFO] PluginManage:310 - Check plugin projectmanager
2023-11-13 17:49:05,966 [INFO] PluginManage:359 - Loaded plugin projectmanager (category:projectmanager,tabindex:3)
2023-11-13 17:49:05,966 [INFO] PluginManage:310 - Check plugin thirdparty
2023-11-13 17:49:06,054 [INFO] PluginManage:359 - Loaded plugin thirdparty (category:base,tabindex:-1)
2023-11-13 17:49:06,054 [INFO] PluginManage:310 - Check plugin tools
2023-11-13 17:49:06,054 [WARN] IntegrityCheckThread:84 - waiting for thirdparty lock release [integrity check]
2023-11-13 17:49:06,055 [INFO] IntegrityCheckThread:86 - entering critical section [integrity check]
2023-11-13 17:49:06,055 [INFO] ThirdPartyUpdaterWithRetryManager:70 - Updater plugin not ready yet. [1/15]
2023-11-13 17:49:06,056 [INFO] PluginManage:359 - Loaded plugin tools (category:base,tabindex:7)
2023-11-13 17:49:06,056 [INFO] PluginManage:310 - Check plugin tutovideos
2023-11-13 17:49:06,160 [INFO] PluginManage:359 - Loaded plugin tutovideos (category:base,tabindex:-1)
2023-11-13 17:49:06,160 [INFO] PluginManage:310 - Check plugin updater
2023-11-13 17:49:06,168 [INFO] PluginManage:359 - Loaded plugin updater (category:base,tabindex:12)
2023-11-13 17:49:06,168 [INFO] PluginManage:310 - Check plugin userauth
2023-11-13 17:49:06,171 [INFO] UserAuth:113 - Init User Auth plugin
2023-11-13 17:49:06,171 [INFO] PluginManage:359 - Loaded plugin userauth (category:base,tabindex:14)
2023-11-13 17:49:06,171 [INFO] PluginManage:283 - PluginManage : Loaded plugins [17]
2023-11-13 17:49:06,287 [INFO] PinOutPanel:1499 - setPackage(No Configuration,No Configuration)
2023-11-13 17:49:06,345 [INFO] CADModel:165 - CPN selected for project level
2023-11-13 17:49:06,345 [INFO] CADModel:114 - Register for checkConnection events
2023-11-13 17:49:06,351 [INFO] IPUIPlugin:80 - create IPUIPlugin
2023-11-13 17:49:06,351 [INFO] PluginManager:220 - loadIPPluginJar : add comp
2023-11-13 17:49:06,353 [INFO] IPUIPlugin:80 - create IPUIPlugin
2023-11-13 17:49:06,353 [INFO] PluginManager:220 - loadIPPluginJar : add gtzc
2023-11-13 17:49:06,356 [INFO] IPUIPlugin:80 - create IPUIPlugin
2023-11-13 17:49:06,356 [INFO] PluginManager:220 - loadIPPluginJar : add touchsensing
2023-11-13 17:49:06,357 [INFO] IPUIPlugin:80 - create IPUIPlugin
2023-11-13 17:49:06,357 [INFO] PluginManager:220 - loadIPPluginJar : add quadspi
2023-11-13 17:49:06,361 [INFO] IPUIPlugin:80 - create IPUIPlugin
2023-11-13 17:49:06,361 [INFO] PluginManager:220 - loadIPPluginJar : add dma
2023-11-13 17:49:06,363 [INFO] IPUIPlugin:80 - create IPUIPlugin
2023-11-13 17:49:06,363 [INFO] PluginManager:220 - loadIPPluginJar : add aes
2023-11-13 17:49:06,364 [INFO] IPUIPlugin:80 - create IPUIPlugin
2023-11-13 17:49:06,364 [INFO] PluginManager:220 - loadIPPluginJar : add dfsdm
2023-11-13 17:49:06,366 [INFO] IPUIPlugin:80 - create IPUIPlugin
2023-11-13 17:49:06,366 [INFO] PluginManager:220 - loadIPPluginJar : add opamp
2023-11-13 17:49:06,367 [INFO] IPUIPlugin:80 - create IPUIPlugin
2023-11-13 17:49:06,367 [INFO] PluginManager:220 - loadIPPluginJar : add ts
2023-11-13 17:49:06,369 [INFO] IPUIPlugin:80 - create IPUIPlugin
2023-11-13 17:49:06,369 [INFO] PluginManager:220 - loadIPPluginJar : add sai
2023-11-13 17:49:06,372 [INFO] IPUIPlugin:80 - create IPUIPlugin
2023-11-13 17:49:06,372 [INFO] PluginManager:220 - loadIPPluginJar : add gpio
2023-11-13 17:49:06,373 [INFO] IPUIPlugin:80 - create IPUIPlugin
2023-11-13 17:49:06,373 [INFO] PluginManager:220 - loadIPPluginJar : add gfxmmu
2023-11-13 17:49:06,377 [INFO] IPUIPlugin:80 - create IPUIPlugin
2023-11-13 17:49:06,377 [INFO] PluginManager:220 - loadIPPluginJar : add linkedlist
2023-11-13 17:49:06,380 [INFO] IPUIPlugin:80 - create IPUIPlugin
2023-11-13 17:49:06,380 [INFO] PluginManager:220 - loadIPPluginJar : add fmc
2023-11-13 17:49:06,381 [INFO] IPUIPlugin:80 - create IPUIPlugin
2023-11-13 17:49:06,381 [INFO] PluginManager:220 - loadIPPluginJar : add tsc
2023-11-13 17:49:06,384 [INFO] IPUIPlugin:80 - create IPUIPlugin
2023-11-13 17:49:06,384 [INFO] PluginManager:220 - loadIPPluginJar : add adc
2023-11-13 17:49:06,385 [INFO] IPUIPlugin:80 - create IPUIPlugin
2023-11-13 17:49:06,385 [INFO] PluginManager:220 - loadIPPluginJar : add tracer_emb
2023-11-13 17:49:06,386 [INFO] IPUIPlugin:80 - create IPUIPlugin
2023-11-13 17:49:06,386 [INFO] PluginManager:220 - loadIPPluginJar : add spi
2023-11-13 17:49:06,387 [INFO] IPUIPlugin:80 - create IPUIPlugin
2023-11-13 17:49:06,387 [INFO] PluginManager:220 - loadIPPluginJar : add ltdc
2023-11-13 17:49:06,389 [INFO] IPUIPlugin:80 - create IPUIPlugin
2023-11-13 17:49:06,389 [INFO] PluginManager:220 - loadIPPluginJar : add openamp
2023-11-13 17:49:06,390 [INFO] IPUIPlugin:80 - create IPUIPlugin
2023-11-13 17:49:06,390 [INFO] PluginManager:220 - loadIPPluginJar : add usart
2023-11-13 17:49:06,393 [INFO] IPUIPlugin:80 - create IPUIPlugin
2023-11-13 17:49:06,393 [INFO] PluginManager:220 - loadIPPluginJar : add stm32_wpan
2023-11-13 17:49:06,395 [INFO] IPUIPlugin:80 - create IPUIPlugin
2023-11-13 17:49:06,395 [INFO] PluginManager:220 - loadIPPluginJar : add i3c
2023-11-13 17:49:06,396 [INFO] IPUIPlugin:80 - create IPUIPlugin
2023-11-13 17:49:06,396 [INFO] PluginManager:220 - loadIPPluginJar : add dma3
2023-11-13 17:49:06,398 [INFO] IPUIPlugin:80 - create IPUIPlugin
2023-11-13 17:49:06,398 [INFO] PluginManager:220 - loadIPPluginJar : add usbx
2023-11-13 17:49:06,402 [INFO] IPUIPlugin:80 - create IPUIPlugin
2023-11-13 17:49:06,402 [INFO] PluginManager:220 - loadIPPluginJar : add mdma
2023-11-13 17:49:06,403 [INFO] IPUIPlugin:80 - create IPUIPlugin
2023-11-13 17:49:06,403 [INFO] PluginManager:220 - loadIPPluginJar : add cryp
2023-11-13 17:49:06,404 [INFO] IPUIPlugin:80 - create IPUIPlugin
2023-11-13 17:49:06,404 [INFO] PluginManager:220 - loadIPPluginJar : add genericplugin
2023-11-13 17:49:06,405 [INFO] IPUIPlugin:80 - create IPUIPlugin
2023-11-13 17:49:06,405 [INFO] PluginManager:220 - loadIPPluginJar : add can
2023-11-13 17:49:06,406 [INFO] IPUIPlugin:80 - create IPUIPlugin
2023-11-13 17:49:06,406 [INFO] PluginManager:220 - loadIPPluginJar : add ucpd
2023-11-13 17:49:06,407 [INFO] IPUIPlugin:80 - create IPUIPlugin
2023-11-13 17:49:06,407 [INFO] PluginManager:220 - loadIPPluginJar : add hash
2023-11-13 17:49:06,410 [INFO] IPUIPlugin:80 - create IPUIPlugin
2023-11-13 17:49:06,410 [INFO] PluginManager:220 - loadIPPluginJar : add nvic
2023-11-13 17:49:06,411 [INFO] IPUIPlugin:80 - create IPUIPlugin
2023-11-13 17:49:06,411 [INFO] PluginManager:220 - loadIPPluginJar : add pdm2pcm
2023-11-13 17:49:06,412 [INFO] IPUIPlugin:80 - create IPUIPlugin
2023-11-13 17:49:06,412 [INFO] PluginManager:220 - loadIPPluginJar : add fatfs
2023-11-13 17:49:06,416 [INFO] IPUIPlugin:80 - create IPUIPlugin
2023-11-13 17:49:06,416 [INFO] PluginManager:220 - loadIPPluginJar : add freertos
2023-11-13 17:49:06,418 [INFO] IPUIPlugin:80 - create IPUIPlugin
2023-11-13 17:49:06,418 [INFO] PluginManager:220 - loadIPPluginJar : add lorawan
2023-11-13 17:49:06,421 [INFO] IPUIPlugin:80 - create IPUIPlugin
2023-11-13 17:49:06,421 [INFO] PluginManager:220 - loadIPPluginJar : add gic
2023-11-13 17:49:06,424 [INFO] IPUIPlugin:80 - create IPUIPlugin
2023-11-13 17:49:06,424 [INFO] PluginManager:220 - loadIPPluginJar : add resmgrutility
2023-11-13 17:49:06,429 [INFO] IPUIPlugin:80 - create IPUIPlugin
2023-11-13 17:49:06,431 [INFO] PluginManager:220 - loadIPPluginJar : add plateformsettings
2023-11-13 17:49:06,433 [INFO] IPUIPlugin:80 - create IPUIPlugin
2023-11-13 17:49:06,433 [INFO] PluginManager:220 - loadIPPluginJar : add ipddr
2023-11-13 17:49:06,435 [INFO] IPUIPlugin:80 - create IPUIPlugin
2023-11-13 17:49:06,435 [INFO] PluginManager:220 - loadIPPluginJar : add i2s
2023-11-13 17:49:06,436 [INFO] IPUIPlugin:80 - create IPUIPlugin
2023-11-13 17:49:06,436 [INFO] PluginManager:220 - loadIPPluginJar : add tim
2023-11-13 17:49:06,437 [INFO] IPUIPlugin:80 - create IPUIPlugin
2023-11-13 17:49:06,437 [INFO] PluginManager:220 - loadIPPluginJar : add i2c
2023-11-13 17:49:06,526 [INFO] CADModel:165 - CPN selected for project level
2023-11-13 17:49:06,526 [INFO] CADModel:114 - Register for checkConnection events
2023-11-13 17:49:06,526 [FATAL] Updater:308 - Updater called before beeing initialized
2023-11-13 17:49:06,526 [ERROR] CADModel:125 - Updater not yet initialized, retry later 
2023-11-13 17:49:06,618 [INFO] CADModel:165 - CPN selected for project level
2023-11-13 17:49:06,619 [INFO] CADModel:114 - Register for checkConnection events
2023-11-13 17:49:06,619 [FATAL] Updater:308 - Updater called before beeing initialized
2023-11-13 17:49:06,619 [ERROR] CADModel:125 - Updater not yet initialized, retry later 
2023-11-13 17:49:06,622 [FATAL] Updater:308 - Updater called before beeing initialized
2023-11-13 17:49:06,698 [FATAL] Updater:308 - Updater called before beeing initialized
2023-11-13 17:49:06,701 [INFO] DbMcusAds:53 - JSON generation date=Tue Mar 07 09:50:55 CET 2023 (1678179055335)
2023-11-13 17:49:06,702 [FATAL] Updater:308 - Updater called before beeing initialized
2023-11-13 17:49:06,728 [WARN] DetailPanel:346 - Failed to get advertising image, set to default
2023-11-13 17:49:06,793 [FATAL] Updater:308 - Updater called before beeing initialized
2023-11-13 17:49:06,794 [FATAL] Updater:308 - Updater called before beeing initialized
2023-11-13 17:49:06,794 [FATAL] Updater:308 - Updater called before beeing initialized
2023-11-13 17:49:06,794 [WARN] DetailPanel:346 - Failed to get advertising image, set to default
2023-11-13 17:49:06,795 [FATAL] Updater:308 - Updater called before beeing initialized
2023-11-13 17:49:06,817 [ERROR] Updater:1120 - MainUpdater not yet initialized. External WinMGr cannot be set.
2023-11-13 17:49:06,818 [INFO] Updater:1056 - Updater Version found : 6.9.2
2023-11-13 17:49:06,829 [INFO] ApplicationProperties:184 - Using Application install path: /opt/st/stm32cubeide_1.13.2/plugins/com.st.stm32cube.common.mx_6.9.2.202309101412
2023-11-13 17:49:06,906 [INFO] MainUpdater:2868 - connection check result : 10
2023-11-13 17:49:06,907 [INFO] MainUpdater:3562 - Updater definition file requires update
2023-11-13 17:49:06,907 [INFO] MainUpdater:285 - Updater Check For Update Now.
2023-11-13 17:49:06,907 [INFO] MicroXplorer:498 - Change Database Version : DB.6.0.92
2023-11-13 17:49:06,911 [INFO] McuFinderGlobals:63 - Set McuFinder mode to 2 (CubeIDE integrated)
2023-11-13 17:49:06,916 [INFO] ServerAccessManage:473 - Download File updaters.zip
2023-11-13 17:49:06,955 [INFO] FileExtend:240 - Unzip File : updaters.zip
2023-11-13 17:49:06,955 [INFO] FileExtend:255 - Standard Zip Deflate
2023-11-13 17:49:07,022 [INFO] ServerAccessManage:473 - Download File PacksControlFlags.xml
2023-11-13 17:49:07,074 [INFO] ServerAccessManage:473 - Download File cubemx.pidx
2023-11-13 17:49:07,232 [INFO] ServerAccessManage:473 - Download File STMicroelectronics.FP-SNS-MOTENVWB1.pdsc
2023-11-13 17:49:09,056 [WARN] MainUpdater:1189 - Updater busy. Cannot search thirdparties
2023-11-13 17:49:09,056 [INFO] ThirdPartyUpdaterWithRetryManager:96 - Updater plugin is busy. [1/15]
2023-11-13 17:49:09,628 [ERROR] ServerAccessManage:1096 - Problem, Http access forbiden
2023-11-13 17:49:09,628 [ERROR] ServerAccessManage:651 - Problem, Http access forbiden : RoweBots.I-CUBE-UNISONRTOS.pdsc.
2023-11-13 17:49:09,751 [ERROR] ServerAccessManage:1172 - Problem during Server Connection :  IO error PKIX path building failed: sun.security.provider.certpath.SunCertPathBuilderException: unable to find valid certification path to requested target
2023-11-13 17:49:09,751 [ERROR] ServerAccessManage:651 - Problem during Server Connection :  : SEGGER.I-CUBE-embOS.pdsc.
2023-11-13 17:49:09,857 [WARN] PackLoader:240 - Cannot read IP mode file for STMicroelectronics.FP-SNS-MOTENVWB1.1.3.0
2023-11-13 17:49:09,858 [INFO] PopulateThirdPartyThread:66 - Ending populate Thread
2023-11-13 17:49:09,859 [INFO] ThirdParty:1030 - CMSIS Pack Vendor :STMicroelectronics FP-SNS-MOTENVWB1 1.3.0
2023-11-13 17:49:09,859 [INFO] LoadServerUpdatesThread:373 - End of LoadServerUpdate Thread
2023-11-13 17:49:09,976 [INFO] CheckServerUpdateThread:120 - End of CheckServer Thread
2023-11-13 17:49:12,112 [WARN] PackLoader:240 - Cannot read IP mode file for STMicroelectronics.X-CUBE-SMBUS.2.1.0
2023-11-13 17:49:12,131 [WARN] PackLoader:240 - Cannot read IP mode file for STMicroelectronics.X-CUBE-AZRTOS-F7.1.1.0
2023-11-13 17:49:12,139 [WARN] PackLoader:240 - Cannot read IP mode file for STMicroelectronics.FP-SNS-MOTENV1.4.3.2
2023-11-13 17:49:12,143 [WARN] PackLoader:240 - Cannot read IP mode file for STMicroelectronics.FP-SNS-FLIGHT1.5.0.2
2023-11-13 17:49:12,149 [WARN] PackLoader:240 - Cannot read IP mode file for STMicroelectronics.X-CUBE-DISPLAY.3.0.0
2023-11-13 17:49:12,158 [WARN] PackLoader:240 - Cannot read IP mode file for STMicroelectronics.X-CUBE-BLE1.7.0.0
2023-11-13 17:49:12,161 [WARN] PackLoader:240 - Cannot read IP mode file for emotas.I-CUBE-CANOPEN.1.3.0
2023-11-13 17:49:12,163 [WARN] PackLoader:240 - Cannot read IP mode file for STMicroelectronics.X-CUBE-TOUCHGFX.4.22.1
2023-11-13 17:49:12,166 [WARN] PackLoader:240 - Cannot read IP mode file for STMicroelectronics.FP-SNS-SMARTAG2.1.2.0
2023-11-13 17:49:12,172 [INFO] LogOutputStream:77 - [STDOUT_REDIRECT] 1 : Invalid condition id : UX_CORESTACK_Condition cause : null
2023-11-13 17:49:12,173 [INFO] LogOutputStream:77 - [STDOUT_REDIRECT] 1 : Invalid condition id : UX_CORESTACK_Condition cause : null
2023-11-13 17:49:12,173 [INFO] LogOutputStream:77 - [STDOUT_REDIRECT] 1 : Invalid condition id : UX_CORESTACK_Condition cause : null
2023-11-13 17:49:12,173 [INFO] LogOutputStream:77 - [STDOUT_REDIRECT] 1 : Invalid condition id : UX_CORESTACK_Condition cause : null
2023-11-13 17:49:12,173 [INFO] LogOutputStream:77 - [STDOUT_REDIRECT] 1 : Invalid condition id : UX_CORESTACK_Condition cause : null
2023-11-13 17:49:12,177 [WARN] PackLoader:240 - Cannot read IP mode file for STMicroelectronics.X-CUBE-AZRTOS-WL.2.0.0
2023-11-13 17:49:12,183 [WARN] PackLoader:240 - Cannot read IP mode file for WES.I-CUBE-Cesium.1.3.0
2023-11-13 17:49:12,186 [WARN] PackLoader:240 - Cannot read IP mode file for STMicroelectronics.X-CUBE-BLE2.3.3.0
2023-11-13 17:49:12,189 [WARN] PackLoader:240 - Cannot read IP mode file for STMicroelectronics.X-CUBE-ALGOBUILD.1.3.0
2023-11-13 17:49:12,201 [WARN] PackLoader:240 - Cannot read IP mode file for STMicroelectronics.X-CUBE-AZRTOS-G0.1.1.0
2023-11-13 17:49:12,205 [WARN] PackLoader:240 - Cannot read IP mode file for STMicroelectronics.X-CUBE-NFC4.3.0.0
2023-11-13 17:49:12,212 [WARN] PackLoader:240 - Cannot read IP mode file for STMicroelectronics.X-CUBE-BLEMGR.3.0.0
2023-11-13 17:49:12,215 [WARN] PackLoader:240 - Cannot read IP mode file for STMicroelectronics.FP-ATR-SIGFOX1.3.2.0
2023-11-13 17:49:12,217 [WARN] PackLoader:240 - Cannot read IP mode file for STMicroelectronics.X-CUBE-GNSS1.6.0.0
2023-11-13 17:49:12,230 [WARN] PackLoader:240 - Cannot read IP mode file for STMicroelectronics.X-CUBE-AZRTOS-F4.1.1.0
2023-11-13 17:49:12,235 [WARN] PackLoader:240 - Cannot read IP mode file for wolfSSL.I-CUBE-wolfSSL.5.6.3
2023-11-13 17:49:12,245 [WARN] PackLoader:240 - Cannot read IP mode file for STMicroelectronics.X-CUBE-AZRTOS-L5.2.0.0
2023-11-13 17:49:12,250 [WARN] PackLoader:240 - Cannot read IP mode file for STMicroelectronics.X-CUBE-EEPRMA1.4.2.0
2023-11-13 17:49:12,253 [WARN] PackLoader:240 - Cannot read IP mode file for ITTIA_DB.I-CUBE-ITTIADB.8.8.0
2023-11-13 17:49:12,257 [WARN] PackLoader:240 - Cannot read IP mode file for STMicroelectronics.X-CUBE-BLEMGR.2.0.0
2023-11-13 17:49:12,268 [WARN] ConditionMgr:438 - getConditionDescription Invalid condition id : UX DEVICE CLASS RTOS Condition cause : null
2023-11-13 17:49:12,268 [WARN] ConditionMgr:438 - getConditionDescription Invalid condition id : UX DEVICE CLASS RTOS Condition cause : null
2023-11-13 17:49:12,270 [WARN] PackLoader:240 - Cannot read IP mode file for STMicroelectronics.X-CUBE-AZRTOS-H7.3.1.0
2023-11-13 17:49:12,271 [WARN] ConditionMgr:1039 - genDependencies : Invalid condition id : UX DEVICE CLASS RTOS Condition cause : null
2023-11-13 17:49:12,271 [WARN] ConditionMgr:1039 - genDependencies : Invalid condition id : UX DEVICE CLASS RTOS Condition cause : null
2023-11-13 17:49:12,272 [WARN] ConditionMgr:1039 - genDependencies : Invalid condition id : UX DEVICE CLASS RTOS Condition cause : null
2023-11-13 17:49:12,272 [WARN] ConditionMgr:1039 - genDependencies : Invalid condition id : UX DEVICE CLASS RTOS Condition cause : null
2023-11-13 17:49:12,272 [WARN] ConditionMgr:1039 - genDependencies : Invalid condition id : UX DEVICE CLASS RTOS Condition cause : null
2023-11-13 17:49:12,276 [WARN] PackLoader:240 - Cannot read IP mode file for STMicroelectronics.X-CUBE-NFC7.1.0.1
2023-11-13 17:49:12,280 [WARN] PackLoader:240 - Cannot read IP mode file for STMicroelectronics.X-CUBE-NFC6.3.0.0
2023-11-13 17:49:12,283 [WARN] PackLoader:240 - Cannot read IP mode file for STMicroelectronics.X-CUBE-AI.8.1.0
2023-11-13 17:49:12,293 [WARN] ConditionMgr:438 - getConditionDescription Invalid condition id : LAN8742 Phy interface Condition cause : null
2023-11-13 17:49:12,293 [WARN] PackLoader:240 - Cannot read IP mode file for STMicroelectronics.X-CUBE-AZRTOS-L4.2.0.0
2023-11-13 17:49:12,294 [WARN] ConditionMgr:1039 - genDependencies : Invalid condition id : LAN8742 Phy interface Condition cause : null
2023-11-13 17:49:12,294 [WARN] ConditionMgr:1039 - genDependencies : Invalid condition id : LAN8742 Phy interface Condition cause : null
2023-11-13 17:49:12,294 [WARN] ConditionMgr:1039 - genDependencies : Invalid condition id : LAN8742 Phy interface Condition cause : null
2023-11-13 17:49:12,298 [WARN] PackLoader:240 - Cannot read IP mode file for STMicroelectronics.X-CUBE-SFXS2LP1.4.0.0
2023-11-13 17:49:12,301 [WARN] PackLoader:240 - Cannot read IP mode file for STMicroelectronics.X-CUBE-ISPU.1.1.0
2023-11-13 17:49:12,308 [WARN] ConditionMgr:438 - getConditionDescription Invalid condition id : UX DEVICE CLASS RTOS Condition cause : null
2023-11-13 17:49:12,308 [WARN] ConditionMgr:438 - getConditionDescription Invalid condition id : UX DEVICE CLASS RTOS Condition cause : null
2023-11-13 17:49:12,310 [WARN] PackLoader:240 - Cannot read IP mode file for STMicroelectronics.X-CUBE-AZRTOS-WB.2.0.0
2023-11-13 17:49:12,310 [WARN] ConditionMgr:1039 - genDependencies : Invalid condition id : UX DEVICE CLASS RTOS Condition cause : null
2023-11-13 17:49:12,310 [WARN] ConditionMgr:1039 - genDependencies : Invalid condition id : UX DEVICE CLASS RTOS Condition cause : null
2023-11-13 17:49:12,310 [WARN] ConditionMgr:1039 - genDependencies : Invalid condition id : UX DEVICE CLASS RTOS Condition cause : null
2023-11-13 17:49:12,310 [WARN] ConditionMgr:1039 - genDependencies : Invalid condition id : UX DEVICE CLASS RTOS Condition cause : null
2023-11-13 17:49:12,311 [WARN] ConditionMgr:1039 - genDependencies : Invalid condition id : UX DEVICE CLASS RTOS Condition cause : null
2023-11-13 17:49:12,317 [WARN] PackLoader:240 - Cannot read IP mode file for STMicroelectronics.X-CUBE-SUBG2.5.0.0
2023-11-13 17:49:12,326 [WARN] PackLoader:240 - Cannot read IP mode file for STMicroelectronics.X-CUBE-TOF1.3.3.1
2023-11-13 17:49:12,339 [WARN] PackLoader:240 - Cannot read IP mode file for STMicroelectronics.X-CUBE-AZRTOS-G4.2.0.0
2023-11-13 17:49:12,347 [WARN] PackLoader:240 - Cannot read IP mode file for Infineon.AIROC-Wi-Fi-Bluetooth-STM32.1.5.1
2023-11-13 17:49:12,353 [WARN] PackLoader:240 - Cannot read IP mode file for STMicroelectronics.FP-SNS-MOTENVWB1.1.3.0
2023-11-13 17:49:12,375 [WARN] PackLoader:240 - Cannot read IP mode file for STMicroelectronics.X-CUBE-MEMS1.10.0.0
2023-11-13 17:49:12,459 [WARN] PackLoader:240 - Cannot read IP mode file for STMicroelectronics.X-CUBE-FREERTOS.1.1.0
2023-11-13 17:49:12,461 [WARN] PackLoader:240 - Cannot read IP mode file for portGmbH.I-Cube-SoM-uGOAL.1.1.0
2023-11-13 17:49:12,463 [WARN] PackLoader:240 - Cannot read IP mode file for STMicroelectronics.X-CUBE-ALS.1.0.1
2023-11-13 17:49:12,465 [WARN] PackLoader:240 - Cannot read IP mode file for STMicroelectronics.FP-ATR-ASTRA1.2.0.0
2023-11-13 17:49:12,466 [INFO] ThirdParty:978 - Integrity check success = true
2023-11-13 17:49:12,466 [INFO] IntegrityCheckThread:100 - exiting critical section [integrity check]
2023-11-13 17:49:12,466 [INFO] IntegrityCheckThread:103 - End integrity checks thread
2023-11-13 17:49:27,702 [ERROR] LogOutputStream:75 - [STDERR_REDIRECT] SLF4J: Failed to load class "org.slf4j.impl.StaticLoggerBinder".
2023-11-13 17:49:27,702 [ERROR] LogOutputStream:75 - [STDERR_REDIRECT] SLF4J: Defaulting to no-operation (NOP) logger implementation
2023-11-13 17:49:27,703 [ERROR] LogOutputStream:75 - [STDERR_REDIRECT] SLF4J: See http://www.slf4j.org/codes.html#StaticLoggerBinder for further details.
